3-FSM with threshold 24000
2024-09-18 10:39:58 Memory Usage: 46052 KB
Data graph size |V| = 3774768 |E| = 16518947
init pattern generation time 1e-05s
Initial unlabeled pattern size: 1
match_multi: Matching pattern from patterns
match_multi: Done matching pattern from patterns
match_multi finished after 1.43171s
init pattern matching time 1.54778s
Initial discovery pattern size: 663
Initial frequent pattern size: 103
pattern extension level 0 time 0.030624s
2024-09-18 10:40:01 Memory Usage: 317712 KB
2024-09-18 10:40:04 Memory Usage: 317712 KB
2024-09-18 10:40:07 Memory Usage: 317712 KB
2024-09-18 10:40:10 Memory Usage: 317712 KB
2024-09-18 10:40:14 Memory Usage: 317712 KB
2024-09-18 10:40:17 Memory Usage: 317712 KB
2024-09-18 10:40:20 Memory Usage: 317712 KB
2024-09-18 10:40:23 Memory Usage: 317712 KB
2024-09-18 10:40:26 Memory Usage: 317712 KB
2024-09-18 10:40:29 Memory Usage: 317712 KB
2024-09-18 10:40:32 Memory Usage: 317712 KB
2024-09-18 10:40:35 Memory Usage: 317712 KB
2024-09-18 10:40:38 Memory Usage: 317712 KB
2024-09-18 10:40:41 Memory Usage: 317712 KB
2024-09-18 10:40:45 Memory Usage: 317712 KB
2024-09-18 10:40:48 Memory Usage: 317712 KB
2024-09-18 10:40:51 Memory Usage: 317712 KB
2024-09-18 10:40:54 Memory Usage: 317712 KB
2024-09-18 10:40:57 Memory Usage: 317712 KB
2024-09-18 10:41:00 Memory Usage: 317712 KB
2024-09-18 10:41:03 Memory Usage: 317712 KB
2024-09-18 10:41:06 Memory Usage: 317712 KB
2024-09-18 10:41:09 Memory Usage: 317712 KB
2024-09-18 10:41:12 Memory Usage: 317712 KB
2024-09-18 10:41:15 Memory Usage: 317712 KB
2024-09-18 10:41:19 Memory Usage: 317712 KB
2024-09-18 10:41:22 Memory Usage: 317712 KB
2024-09-18 10:41:25 Memory Usage: 317712 KB
2024-09-18 10:41:28 Memory Usage: 317712 KB
2024-09-18 10:41:31 Memory Usage: 317712 KB
2024-09-18 10:41:34 Memory Usage: 317712 KB
2024-09-18 10:41:37 Memory Usage: 317712 KB
2024-09-18 10:41:40 Memory Usage: 317712 KB
2024-09-18 10:41:43 Memory Usage: 317712 KB
2024-09-18 10:41:46 Memory Usage: 317712 KB
2024-09-18 10:41:50 Memory Usage: 317712 KB
2024-09-18 10:41:53 Memory Usage: 317712 KB
2024-09-18 10:41:56 Memory Usage: 317712 KB
2024-09-18 10:41:59 Memory Usage: 317712 KB
2024-09-18 10:42:02 Memory Usage: 317712 KB
2024-09-18 10:42:05 Memory Usage: 317712 KB
2024-09-18 10:42:08 Memory Usage: 317712 KB
2024-09-18 10:42:11 Memory Usage: 317712 KB
2024-09-18 10:42:14 Memory Usage: 317712 KB
2024-09-18 10:42:17 Memory Usage: 317712 KB
2024-09-18 10:42:21 Memory Usage: 317712 KB
2024-09-18 10:42:24 Memory Usage: 317712 KB
2024-09-18 10:42:27 Memory Usage: 317712 KB
2024-09-18 10:42:30 Memory Usage: 317712 KB
2024-09-18 10:42:33 Memory Usage: 317712 KB
2024-09-18 10:42:36 Memory Usage: 317712 KB
2024-09-18 10:42:39 Memory Usage: 317712 KB
2024-09-18 10:42:42 Memory Usage: 317712 KB
Initial extended pattern size: 1637
match_single finished after 162.302s
pattern matching level 1 time 162.305s
Level 1 pattern size: 1637
Level 1 frequent pattern size: 86
pattern extension level 1 time 0.026894s
2024-09-18 10:42:45 Memory Usage: 318988 KB
2024-09-18 10:42:48 Memory Usage: 318988 KB
2024-09-18 10:42:51 Memory Usage: 318988 KB
2024-09-18 10:42:54 Memory Usage: 318988 KB
2024-09-18 10:42:58 Memory Usage: 318988 KB
2024-09-18 10:43:01 Memory Usage: 318988 KB
2024-09-18 10:43:04 Memory Usage: 318988 KB
2024-09-18 10:43:07 Memory Usage: 318988 KB
2024-09-18 10:43:10 Memory Usage: 318988 KB
2024-09-18 10:43:13 Memory Usage: 318988 KB
2024-09-18 10:43:16 Memory Usage: 318988 KB
2024-09-18 10:43:19 Memory Usage: 318988 KB
2024-09-18 10:43:22 Memory Usage: 318988 KB
2024-09-18 10:43:26 Memory Usage: 318988 KB
2024-09-18 10:43:29 Memory Usage: 318988 KB
2024-09-18 10:43:32 Memory Usage: 318988 KB
2024-09-18 10:43:35 Memory Usage: 318988 KB
2024-09-18 10:43:38 Memory Usage: 318988 KB
2024-09-18 10:43:41 Memory Usage: 318988 KB
2024-09-18 10:43:44 Memory Usage: 318988 KB
2024-09-18 10:43:47 Memory Usage: 318988 KB
2024-09-18 10:43:50 Memory Usage: 318988 KB
2024-09-18 10:43:53 Memory Usage: 318988 KB
2024-09-18 10:43:56 Memory Usage: 318988 KB
2024-09-18 10:44:00 Memory Usage: 318988 KB
2024-09-18 10:44:03 Memory Usage: 318988 KB
2024-09-18 10:44:06 Memory Usage: 318988 KB
2024-09-18 10:44:09 Memory Usage: 318988 KB
2024-09-18 10:44:12 Memory Usage: 318988 KB
2024-09-18 10:44:15 Memory Usage: 318988 KB
2024-09-18 10:44:18 Memory Usage: 318988 KB
2024-09-18 10:44:21 Memory Usage: 318988 KB
2024-09-18 10:44:24 Memory Usage: 318988 KB
2024-09-18 10:44:27 Memory Usage: 318988 KB
2024-09-18 10:44:31 Memory Usage: 318988 KB
2024-09-18 10:44:34 Memory Usage: 318988 KB
2024-09-18 10:44:37 Memory Usage: 318988 KB
2024-09-18 10:44:40 Memory Usage: 318988 KB
2024-09-18 10:44:43 Memory Usage: 318988 KB
2024-09-18 10:44:46 Memory Usage: 318988 KB
2024-09-18 10:44:49 Memory Usage: 318988 KB
2024-09-18 10:44:52 Memory Usage: 318988 KB
2024-09-18 10:44:55 Memory Usage: 318988 KB
2024-09-18 10:44:58 Memory Usage: 318988 KB
2024-09-18 10:45:01 Memory Usage: 318988 KB
2024-09-18 10:45:05 Memory Usage: 318988 KB
2024-09-18 10:45:08 Memory Usage: 318988 KB
2024-09-18 10:45:11 Memory Usage: 318988 KB
2024-09-18 10:45:14 Memory Usage: 318988 KB
2024-09-18 10:45:17 Memory Usage: 318988 KB
2024-09-18 10:45:20 Memory Usage: 318988 KB
2024-09-18 10:45:23 Memory Usage: 318988 KB
2024-09-18 10:45:26 Memory Usage: 318988 KB
2024-09-18 10:45:29 Memory Usage: 318988 KB
2024-09-18 10:45:32 Memory Usage: 318988 KB
2024-09-18 10:45:36 Memory Usage: 318988 KB
2024-09-18 10:45:39 Memory Usage: 318988 KB
2024-09-18 10:45:42 Memory Usage: 318988 KB
2024-09-18 10:45:45 Memory Usage: 318988 KB
2024-09-18 10:45:48 Memory Usage: 318988 KB
2024-09-18 10:45:51 Memory Usage: 318988 KB
2024-09-18 10:45:54 Memory Usage: 318988 KB
2024-09-18 10:45:57 Memory Usage: 318988 KB
2024-09-18 10:46:00 Memory Usage: 318988 KB
2024-09-18 10:46:03 Memory Usage: 318988 KB
2024-09-18 10:46:07 Memory Usage: 318988 KB
2024-09-18 10:46:10 Memory Usage: 318988 KB
2024-09-18 10:46:13 Memory Usage: 318988 KB
2024-09-18 10:46:16 Memory Usage: 318988 KB
2024-09-18 10:46:19 Memory Usage: 318988 KB
2024-09-18 10:46:22 Memory Usage: 318988 KB
2024-09-18 10:46:25 Memory Usage: 318988 KB
2024-09-18 10:46:28 Memory Usage: 318988 KB
2024-09-18 10:46:31 Memory Usage: 318988 KB
2024-09-18 10:46:34 Memory Usage: 318988 KB
2024-09-18 10:46:37 Memory Usage: 318988 KB
2024-09-18 10:46:41 Memory Usage: 318988 KB
2024-09-18 10:46:44 Memory Usage: 318988 KB
2024-09-18 10:46:47 Memory Usage: 318988 KB
2024-09-18 10:46:50 Memory Usage: 318988 KB
2024-09-18 10:46:53 Memory Usage: 318988 KB
2024-09-18 10:46:56 Memory Usage: 318988 KB
2024-09-18 10:46:59 Memory Usage: 318988 KB
2024-09-18 10:47:02 Memory Usage: 318988 KB
2024-09-18 10:47:05 Memory Usage: 318988 KB
2024-09-18 10:47:09 Memory Usage: 318988 KB
2024-09-18 10:47:12 Memory Usage: 318988 KB
2024-09-18 10:47:15 Memory Usage: 318988 KB
2024-09-18 10:47:18 Memory Usage: 318988 KB
2024-09-18 10:47:21 Memory Usage: 318988 KB
2024-09-18 10:47:24 Memory Usage: 318988 KB
2024-09-18 10:47:27 Memory Usage: 318988 KB
2024-09-18 10:47:30 Memory Usage: 318988 KB
2024-09-18 10:47:33 Memory Usage: 318988 KB
2024-09-18 10:47:36 Memory Usage: 318988 KB
2024-09-18 10:47:40 Memory Usage: 318988 KB
2024-09-18 10:47:43 Memory Usage: 318988 KB
2024-09-18 10:47:46 Memory Usage: 318988 KB
2024-09-18 10:47:49 Memory Usage: 318988 KB
2024-09-18 10:47:52 Memory Usage: 318988 KB
2024-09-18 10:47:55 Memory Usage: 318988 KB
2024-09-18 10:47:58 Memory Usage: 318988 KB
2024-09-18 10:48:01 Memory Usage: 318988 KB
2024-09-18 10:48:04 Memory Usage: 318988 KB
2024-09-18 10:48:07 Memory Usage: 318988 KB
2024-09-18 10:48:10 Memory Usage: 318988 KB
2024-09-18 10:48:14 Memory Usage: 318988 KB
2024-09-18 10:48:17 Memory Usage: 318988 KB
2024-09-18 10:48:20 Memory Usage: 318988 KB
2024-09-18 10:48:23 Memory Usage: 318988 KB
2024-09-18 10:48:26 Memory Usage: 318988 KB
2024-09-18 10:48:29 Memory Usage: 318988 KB
2024-09-18 10:48:32 Memory Usage: 318988 KB
2024-09-18 10:48:35 Memory Usage: 318988 KB
2024-09-18 10:48:38 Memory Usage: 318988 KB
2024-09-18 10:48:41 Memory Usage: 318988 KB
Level 1 extended pattern size: 2177
match_single finished after 360.751s
pattern matching level 2 time 360.755s
Level 2 pattern size: 2177
Level 2 frequent pattern size: 16
pattern extension level 2 time 0.005216s
Level 2 extended pattern size: 384
16 frequent patterns: 
[1,32-2,36][1,32-3,37][2,36-4,31]: 25350
[1,32-2,36][1,32-3,37][2,36-4,30]: 24426
[1,32-2,36][1,32-3,37][2,36-4,32]: 24862
[1,32-2,36][1,32-3,37][2,36-4,33]: 24890
[1,32-2,36][1,32-3,37][3,37-4,31]: 25070
[1,32-2,36][1,32-3,37][3,37-4,34]: 24271
[1,32-2,36][1,32-3,37][3,37-4,33]: 25507
[1,32-2,36][2,36-3,33][3,33-4,37]: 25440
[1,33-2,37][1,33-3,36][2,37-4,31]: 24347
[1,33-2,37][1,33-3,36][2,37-4,34]: 25503
[1,33-2,37][1,33-3,36][2,37-4,32]: 25515
[1,33-2,37][1,33-3,36][2,37-4,33]: 24567
[1,33-2,37][1,33-3,36][3,36-4,31]: 24186
[1,33-2,37][2,37-3,34][3,34-4,36]: 24733
[1,34-2,36][1,34-3,37][3,37-4,34]: 24791
[1,34-2,37][1,34-3,37][2,37-4,34]: 24393
finished in 524.673s
