Command: bin/fsm-baseline data/citeseer 3 300 8
3-FSM with threshold 300
Data graph size |V| = 3264 |E| = 4536
init pattern generation time 8e-06s
Initial unlabeled pattern size: 1
match_multi: Matching pattern from patterns
match_multi: Done matching pattern from patterns
match_multi finished after 0.000349s
init pattern matching time 0.000885s
Initial discovery pattern size: 21
Initial frequent pattern size: 5
pattern_unlabeled: [1-2][1-3][2-3]
pattern_unlabeled: [1-2][1-4][2-3]
pattern_unlabeled: [1-2][1-3][1-4]
patterns num_vertices: 3
patterns_unlabeled size: 3
pattern extension level 0 time 0.000239s
Initial extended pattern size: 3
match_multi: Matching pattern from patterns
match_multi: Done matching pattern from patterns
match_multi: Matching pattern from patterns
match_multi: Done matching pattern from patterns
match_multi: Matching pattern from patterns
match_multi: Done matching pattern from patterns
match_multi finished after 0.006478s
pattern matching level 1 time 0.007184s
Level 1 pattern size: 626
freq_patterns: [1,1-2,1][1,1-4,1][2,1-3,1]
, support: 335
freq_patterns: [1,0-2,0][1,0-4,0][2,0-3,0]
, support: 335
Level 1 frequent pattern size: 2
pattern extension level 1 time 0.000226s
2024-09-26 15:52:24 Memory Usage:  8396 KB
patterns num_vertices: 4
Level 1 extended pattern size: 8
match_single finished after 0.051744s
pattern matching level 2 time 0.052038s
Level 2 pattern size: 8
Level 2 frequent pattern size: 0
pattern extension level 2 time 3e-06s
