Command: bin/fsm-baseline data/facebook-0 3 100 8
3-FSM with threshold 100
Data graph size |V| = 333 |E| = 2519
init pattern generation time 8e-06s
Initial unlabeled pattern size: 1
match_multi: Matching pattern from patterns
match_multi: Done matching pattern from patterns
match_multi finished after 0.000176s
init pattern matching time 0.000685s
Initial discovery pattern size: 3
Initial frequent pattern size: 1
pattern_unlabeled: [1-2][1-3][2-3]
pattern_unlabeled: [1-2][1-4][2-3]
pattern_unlabeled: [1-2][1-3][1-4]
patterns num_vertices: 3
patterns_unlabeled size: 3
pattern extension level 0 time 9e-05s
2024-09-27 13:22:08 Memory Usage:  6356 KB
Initial extended pattern size: 3
match_multi: Matching pattern from patterns
match_multi: Done matching pattern from patterns
match_multi: Matching pattern from patterns
match_multi: Done matching pattern from patterns
match_multi: Matching pattern from patterns
match_multi: Done matching pattern from patterns
match_multi finished after 0.030596s
pattern matching level 1 time 0.030893s
Level 1 pattern size: 14
freq_patterns: [1,0-2,0][1,0-3,0][2,0-3,0], support: 281
freq_patterns: [1,0-2,0][1,0-4,1][2,0-3,0], support: 125
freq_patterns: [1,0-2,0][1,0-4,0][2,0-3,0], support: 299
Level 1 frequent pattern size: 3
pattern extension level 1 time 0.000211s
patterns num_vertices: 4
Level 1 extended pattern size: 8
match_single finished after 1.84696s
pattern matching level 2 time 1.84728s
Level 2 pattern size: 8
freq_patterns: [1,0-2,0][1,0-3,0][1,0-4,0][2,0-3,0], support: 271
freq_patterns: [1,0-2,0][1,0-4,0][2,0-3,0][3,0-4,0], support: 286
freq_patterns: [1,0-2,0][1,0-4,0][1,0-5,0][2,0-3,0], support: 277
freq_patterns: [1,0-2,0][1,0-4,0][2,0-3,0][3,0-5,0], support: 294
Level 2 frequent pattern size: 4
pattern extension level 2 time 0.000472s
patterns num_vertices: 4
Level 2 extended pattern size: 11
4 frequent patterns: 
[1,0-2,0][1,0-3,0][1,0-4,0][2,0-3,0]: 271
[1,0-2,0][1,0-4,0][2,0-3,0][3,0-4,0]: 286
[1,0-2,0][1,0-4,0][1,0-5,0][2,0-3,0]: 277
[1,0-2,0][1,0-4,0][2,0-3,0][3,0-5,0]: 294
finished in 1.87969s
