Command: bin/fsm-baseline data/citeseer/ 2 300 8
2-FSM with threshold 300
Data graph size |V| = 3264 |E| = 4536
init pattern generation time 8e-06s
Initial unlabeled pattern size: 1
match_multi: Matching pattern from patterns
match_multi: Done matching pattern from patterns
match_multi finished after 0.000445s
init pattern matching time 0.008176s
Initial discovery pattern size: 21
Initial frequent pattern size: 5
pattern_unlabeled: [1-2][1-3]
patterns num_vertices: 3
patterns_unlabeled size: 1
pattern extension level 0 time 0.000128s
Initial extended pattern size: 1
match_multi: Matching pattern from patterns
match_multi: Done matching pattern from patterns
match_multi finished after 0.001486s
pattern matching level 1 time 0.001887s
Level 1 pattern size: 124
freq_patterns: [1,0-2,0][1,0-3,0], support: 316
freq_patterns: [1,1-2,1][1,1-3,1], support: 345
Level 1 frequent pattern size: 2
2 frequent patterns: 
[1,0-2,0][1,0-3,0]: 316
[1,1-2,1][1,1-3,1]: 345
finished in 0.010233s
2024-09-27 14:06:32 Memory Usage:  KB
