Command: bin/fsm-baseline data/citeseer 3 100 8 v
3-FSM with threshold 100
Data graph size |V| = 3264 |E| = 4536
init pattern generation time 7e-06s
Initial unlabeled pattern size: 1
match_multi: Matching pattern from patterns
match_multi: Done matching pattern from patterns
match_multi finished after 0.000406s
init pattern matching time 0.000914s
Initial discovery pattern size: 21
Initial frequent pattern size: 7
pattern_unlabeled: [1-3][2-3]
pattern_unlabeled: [1-2][1-3][2-3]
patterns num_vertices: 3
patterns_unlabeled size: 2
pattern extension level 0 time 0.000575s
Initial extended pattern size: 2
match_multi: Matching pattern from patterns
match_multi: Done matching pattern from patterns
match_multi: Matching pattern from patterns
match_multi: Done matching pattern from patterns
match_multi finished after 0.001774s
pattern matching level 2 time 0.002135s
Level 2 pattern size: 192
freq_patterns: [1,2-3,2][2,2-3,2], support: 296
freq_patterns: [1,5-3,5][2,5-3,5], support: 193
freq_patterns: [1,1-3,1][2,5-3,1], support: 135
freq_patterns: [1,0-3,0][2,0-3,0], support: 316
freq_patterns: [1,1-3,1][2,1-3,1], support: 345
freq_patterns: [1,4-3,4][2,4-3,4], support: 219
freq_patterns: [1,2-2,2][1,2-3,2][2,2-3,2], support: 173
freq_patterns: [1,5-2,5][1,5-3,5][2,5-3,5], support: 109
freq_patterns: [1,0-2,0][1,0-3,0][2,0-3,0], support: 162
freq_patterns: [1,1-2,1][1,1-3,1][2,1-3,1], support: 224
Level 2 frequent pattern size: 10
pattern extension level 1 time 0.001512s
patterns num_vertices: 4
Level 2 extended pattern size: 250
10 frequent patterns: 
[1,2-3,2][2,2-3,2]: 296
[1,5-3,5][2,5-3,5]: 193
[1,1-3,1][2,5-3,1]: 135
[1,0-3,0][2,0-3,0]: 316
[1,1-3,1][2,1-3,1]: 345
[1,4-3,4][2,4-3,4]: 219
[1,2-2,2][1,2-3,2][2,2-3,2]: 173
[1,5-2,5][1,5-3,5][2,5-3,5]: 109
[1,0-2,0][1,0-3,0][2,0-3,0]: 162
[1,1-2,1][1,1-3,1][2,1-3,1]: 224
finished in 0.005252s
2024-09-27 13:26:44 Memory Usage:  KB
