Command: bin/fsm-baseline data/citeseer 3 300 8
3-FSM with threshold 300
Data graph size |V| = 3264 |E| = 4536
init pattern generation time 9e-06s
Initial unlabeled pattern size: 1
match_multi: Matching pattern from patterns
match_multi: Done matching pattern from patterns
match_multi finished after 0.000406s
init pattern matching time 0.000909s
Initial discovery pattern size: 21
Initial frequent pattern size: 5
patterns num_vertices: 3
patterns_unlabeled size: 3
pattern_unlabeled: [1-2][1-3][2-3]
pattern_unlabeled: [1-2][1-4][2-3]
pattern_unlabeled: [1-2][1-3][1-4]
pattern extension level 0 time 0.000164s
Initial extended pattern size: 5
match_single finished after 0.001178s
pattern matching level 1 time 0.001366s
Level 1 pattern size: 5
Level 1 frequent pattern size: 2
pattern extension level 1 time 0.000147s
patterns num_vertices: 3
Level 1 extended pattern size: 6
match_single finished after 0.010826s
pattern matching level 2 time 0.011127s
Level 2 pattern size: 6
Level 2 frequent pattern size: 2
pattern extension level 2 time 0.000283s
patterns num_vertices: 4
Level 2 extended pattern size: 8
2 frequent patterns: 
[1,1-2,1][1,1-3,1][2,1-4,1]: 335
[1,0-2,0][1,0-3,0][2,0-4,0]: 303
finished in 0.014053s
2024-09-26 13:13:22 Memory Usage:  KB
