Command: bin/fsm-baseline data/citeseer 3 300 8
3-FSM with threshold 300
Data graph size |V| = 3264 |E| = 4536
init pattern generation time 8e-06s
Initial unlabeled pattern size: 1
match_multi: Matching pattern from patterns
match_multi: Done matching pattern from patterns
match_multi finished after 0.000387s
init pattern matching time 0.000841s
Initial discovery pattern size: 21
Initial frequent pattern size: 5
patterns num_vertices: 3
patterns_unlabeled size: 3
pattern_unlabeled: [1-2][1-3][2-3]
pattern_unlabeled: [1-2][1-4][2-3]
pattern_unlabeled: [1-2][1-3][1-4]
pattern extension level 0 time 0.000166s
Initial extended pattern size: 3
match_single finished after 0.012037s
pattern matching level 1 time 0.012244s
Level 1 pattern size: 3
Level 1 frequent pattern size: 3
pattern extension level 1 time 0.000213s
2024-09-26 13:41:22 Memory Usage:  6616 KB
patterns num_vertices: 4
Level 1 extended pattern size: 5
match_single finished after 0.322475s
pattern matching level 2 time 0.322768s
Level 2 pattern size: 5
Level 2 frequent pattern size: 5
pattern extension level 2 time 0.000778s
patterns num_vertices: 4
Level 2 extended pattern size: 11
5 frequent patterns: 
[1-2][1-3][1-4][2-3]: 790
[1-2][1-4][2-3][3-4]: 1100
[1-2][1-4][1-5][2-3]: 1119
[1-2][1-4][2-3][3-5]: 1503
[1-2][1-3][1-4][1-5]: 712
finished in 0.337067s
