Command: bin/fsm-baseline data/citeseer 3 300 8
3-FSM with threshold 300
Data graph size |V| = 3264 |E| = 4536
init pattern generation time 8e-06s
Initial unlabeled pattern size: 1
match_multi: Matching pattern from patterns
match_multi: Done matching pattern from patterns
match_multi finished after 0.000406s
init pattern matching time 0.000908s
Initial discovery pattern size: 21
Initial frequent pattern size: 5
pattern_unlabeled: [1-2][1-3][2-3]
pattern_unlabeled: [1-2][1-4][2-3]
pattern_unlabeled: [1-2][1-3][1-4]
patterns num_vertices: 3
patterns_unlabeled size: 3
pattern extension level 0 time 0.000165s
Initial extended pattern size: 3
match_multi: Matching pattern from patterns
match_multi: Done matching pattern from patterns
match_multi: Matching pattern from patterns
match_multi: Done matching pattern from patterns
match_multi: Matching pattern from patterns
match_multi: Done matching pattern from patterns
match_multi finished after 0.006714s
pattern matching level 1 time 0.007438s
Level 1 pattern size: 626
Level 1 frequent pattern size: 2
pattern extension level 1 time 0.000233s
2024-09-26 13:48:06 Memory Usage:  8468 KB
patterns num_vertices: 4
Level 1 extended pattern size: 8
match_single finished after 0.057022s
pattern matching level 2 time 0.057295s
Level 2 pattern size: 8
Level 2 frequent pattern size: 0
pattern extension level 2 time 2e-06s
