Command: bin/fsm data/facebook-0 3 100 8
3-FSM with threshold 100
Data graph size |V| = 333 |E| = 2519
init pattern generation time 8e-06s
Initial unlabeled pattern size: 1
match_multi: Matching pattern from patterns
match_multi: Done matching pattern from patterns
match_multi finished after 0.000152s
init pattern matching time 0.000652s
Initial discovery pattern size: 3
Initial frequent pattern size: 1
pattern extension level 0 time 3.8e-05s
Initial extended pattern size: 1
match_single finished after 0.000844s
pattern matching level 1 time 0.00104s
Level 1 pattern size: 1
Level 1 frequent pattern size: 1
pattern extension level 1 time 6.1e-05s
2024-09-27 13:21:59 Memory Usage:  6560 KB
Level 1 extended pattern size: 3
match_single finished after 0.040206s
pattern matching level 2 time 0.040458s
Level 2 pattern size: 3
Level 2 frequent pattern size: 3
pattern extension level 2 time 0.00025s
Level 2 extended pattern size: 5
3 frequent patterns: 
[1,0-2,0][1,0-3,0][2,0-3,0]: 281
[1,0-2,0][1,0-3,0][1,0-4,0]: 277
[1,0-2,0][1,0-3,0][2,0-4,0]: 299
finished in 0.042543s
