Command: bin/fsm data/citeseer 3 300 8
3-FSM with threshold 300
Data graph size |V| = 3264 |E| = 4536
init pattern generation time 9e-06s
Initial unlabeled pattern size: 1
match_multi: Matching pattern from patterns
match_multi: Done matching pattern from patterns
match_multi finished after 0.000392s
init pattern matching time 0.00093s
Initial discovery pattern size: 21
Initial frequent pattern size: 5
pattern extension level 0 time 0.000129s
Initial extended pattern size: 5
match_single finished after 0.001262s
pattern matching level 1 time 0.001848s
Level 1 pattern size: 5
Level 1 frequent pattern size: 2
pattern extension level 1 time 0.000152s
Level 1 extended pattern size: 6
match_single finished after 0.012451s
pattern matching level 2 time 0.012743s
Level 2 pattern size: 6
Level 2 frequent pattern size: 2
pattern extension level 2 time 0.000213s
Level 2 extended pattern size: 8
2 frequent patterns: 
[1,1-2,1][1,1-3,1][2,1-4,1]: 335
[1,0-2,0][1,0-3,0][2,0-4,0]: 303
finished in 0.016075s
2024-09-26 15:52:53 Memory Usage:  6700 KB
