Command: bin/fsm data/citeseer 2 500 8
2-FSM with threshold 500
Data graph size |V| = 3264 |E| = 4536
init pattern generation time 8e-06s
2024-09-27 13:46:03 Memory Usage:  5212 KB
Initial unlabeled pattern size: 1
match_multi: Matching pattern from patterns
match_multi: Done matching pattern from patterns
match_multi finished after 0.015379s
init pattern matching time 0.051656s
Initial discovery pattern size: 21
Initial frequent pattern size: 3
pattern extension level 0 time 0.000147s
Initial extended pattern size: 3
match_single finished after 0.017145s
pattern matching level 1 time 0.020889s
Level 1 pattern size: 3
Level 1 frequent pattern size: 0
pattern extension level 1 time 3e-06s
Level 1 extended pattern size: 0
0 frequent patterns: 
finished in 0.072748s
