3-FSM with threshold 10000
2024-09-03 18:25:56 Memory Usage: 49888 KB
init pattern generation time 9e-06s
match_multi finished after 0.255229s
init pattern matching time 0.259294s
pattern extension level 0 time 7.4e-05s
2024-09-03 18:25:57 Memory Usage: 242072 KB
2024-09-03 18:25:58 Memory Usage: 248856 KB
match_single finished after 2.08549s
match_ector finished after 0.209232s
pattern matching level 1 time 2.3091s
pattern extension level 1 time 0.000196s
2024-09-03 18:25:59 Memory Usage: 250856 KB
2024-09-03 18:26:00 Memory Usage: 250856 KB
2024-09-03 18:26:01 Memory Usage: 250856 KB
2024-09-03 18:26:02 Memory Usage: 250856 KB
2024-09-03 18:26:03 Memory Usage: 250856 KB
2024-09-03 18:26:04 Memory Usage: 250856 KB
2024-09-03 18:26:05 Memory Usage: 250856 KB
2024-09-03 18:26:07 Memory Usage: 250856 KB
2024-09-03 18:26:08 Memory Usage: 250856 KB
2024-09-03 18:26:09 Memory Usage: 250856 KB
2024-09-03 18:26:10 Memory Usage: 250856 KB
2024-09-03 18:26:11 Memory Usage: 250856 KB
2024-09-03 18:26:12 Memory Usage: 250856 KB
2024-09-03 18:26:13 Memory Usage: 250856 KB
2024-09-03 18:26:14 Memory Usage: 250856 KB
2024-09-03 18:26:15 Memory Usage: 250856 KB
2024-09-03 18:26:16 Memory Usage: 250856 KB
2024-09-03 18:26:17 Memory Usage: 250856 KB
2024-09-03 18:26:19 Memory Usage: 250856 KB
2024-09-03 18:26:20 Memory Usage: 250856 KB
2024-09-03 18:26:21 Memory Usage: 250856 KB
2024-09-03 18:26:22 Memory Usage: 250856 KB
2024-09-03 18:26:23 Memory Usage: 250856 KB
2024-09-03 18:26:24 Memory Usage: 250856 KB
2024-09-03 18:26:25 Memory Usage: 250856 KB
2024-09-03 18:26:26 Memory Usage: 250856 KB
2024-09-03 18:26:27 Memory Usage: 250856 KB
2024-09-03 18:26:28 Memory Usage: 250856 KB
2024-09-03 18:26:29 Memory Usage: 250856 KB
2024-09-03 18:26:31 Memory Usage: 250856 KB
2024-09-03 18:26:32 Memory Usage: 250856 KB
2024-09-03 18:26:33 Memory Usage: 250856 KB
2024-09-03 18:26:34 Memory Usage: 250856 KB
2024-09-03 18:26:35 Memory Usage: 250856 KB
2024-09-03 18:26:36 Memory Usage: 250856 KB
2024-09-03 18:26:37 Memory Usage: 250856 KB
2024-09-03 18:26:38 Memory Usage: 250856 KB
2024-09-03 18:26:39 Memory Usage: 250856 KB
2024-09-03 18:26:40 Memory Usage: 250856 KB
2024-09-03 18:26:41 Memory Usage: 250856 KB
2024-09-03 18:26:43 Memory Usage: 250856 KB
2024-09-03 18:26:44 Memory Usage: 250856 KB
2024-09-03 18:26:45 Memory Usage: 250856 KB
2024-09-03 18:26:46 Memory Usage: 250856 KB
2024-09-03 18:26:47 Memory Usage: 250856 KB
2024-09-03 18:26:48 Memory Usage: 250856 KB
2024-09-03 18:26:49 Memory Usage: 250856 KB
2024-09-03 18:26:50 Memory Usage: 250856 KB
2024-09-03 18:26:51 Memory Usage: 252156 KB
2024-09-03 18:26:52 Memory Usage: 252156 KB
2024-09-03 18:26:53 Memory Usage: 253196 KB
2024-09-03 18:26:55 Memory Usage: 255016 KB
2024-09-03 18:26:56 Memory Usage: 255544 KB
2024-09-03 18:26:57 Memory Usage: 257980 KB
2024-09-03 18:26:58 Memory Usage: 257980 KB
2024-09-03 18:26:59 Memory Usage: 257980 KB
2024-09-03 18:27:00 Memory Usage: 257980 KB
2024-09-03 18:27:01 Memory Usage: 257980 KB
2024-09-03 18:27:02 Memory Usage: 257980 KB
2024-09-03 18:27:03 Memory Usage: 257980 KB
2024-09-03 18:27:04 Memory Usage: 257980 KB
2024-09-03 18:27:06 Memory Usage: 257980 KB
2024-09-03 18:27:07 Memory Usage: 257980 KB
2024-09-03 18:27:08 Memory Usage: 257980 KB
2024-09-03 18:27:09 Memory Usage: 257980 KB
2024-09-03 18:27:10 Memory Usage: 257980 KB
2024-09-03 18:27:11 Memory Usage: 257980 KB
2024-09-03 18:27:12 Memory Usage: 257980 KB
2024-09-03 18:27:13 Memory Usage: 257980 KB
2024-09-03 18:27:14 Memory Usage: 257980 KB
2024-09-03 18:27:15 Memory Usage: 257980 KB
2024-09-03 18:27:16 Memory Usage: 257980 KB
2024-09-03 18:27:17 Memory Usage: 257980 KB
2024-09-03 18:27:19 Memory Usage: 257980 KB
2024-09-03 18:27:20 Memory Usage: 257980 KB
2024-09-03 18:27:21 Memory Usage: 257980 KB
2024-09-03 18:27:22 Memory Usage: 257980 KB
2024-09-03 18:27:23 Memory Usage: 257980 KB
2024-09-03 18:27:24 Memory Usage: 257980 KB
2024-09-03 18:27:25 Memory Usage: 257980 KB
2024-09-03 18:27:26 Memory Usage: 257980 KB
2024-09-03 18:27:27 Memory Usage: 257980 KB
2024-09-03 18:27:28 Memory Usage: 257980 KB
2024-09-03 18:27:29 Memory Usage: 257980 KB
2024-09-03 18:27:30 Memory Usage: 257980 KB
2024-09-03 18:27:32 Memory Usage: 257980 KB
2024-09-03 18:27:33 Memory Usage: 257980 KB
2024-09-03 18:27:34 Memory Usage: 257980 KB
2024-09-03 18:27:35 Memory Usage: 257980 KB
2024-09-03 18:27:36 Memory Usage: 257980 KB
2024-09-03 18:27:37 Memory Usage: 257980 KB
2024-09-03 18:27:38 Memory Usage: 257980 KB
2024-09-03 18:27:39 Memory Usage: 258240 KB
2024-09-03 18:27:40 Memory Usage: 259020 KB
2024-09-03 18:27:41 Memory Usage: 259020 KB
2024-09-03 18:27:42 Memory Usage: 259020 KB
2024-09-03 18:27:44 Memory Usage: 259020 KB
2024-09-03 18:27:45 Memory Usage: 259540 KB
2024-09-03 18:27:46 Memory Usage: 259540 KB
2024-09-03 18:27:47 Memory Usage: 259540 KB
2024-09-03 18:27:48 Memory Usage: 259540 KB
2024-09-03 18:27:49 Memory Usage: 259540 KB
2024-09-03 18:27:50 Memory Usage: 259540 KB
2024-09-03 18:27:51 Memory Usage: 259540 KB
2024-09-03 18:27:52 Memory Usage: 259540 KB
2024-09-03 18:27:53 Memory Usage: 259540 KB
2024-09-03 18:27:54 Memory Usage: 259540 KB
2024-09-03 18:27:56 Memory Usage: 260068 KB
match_single finished after 117.992s
2024-09-03 18:27:57 Memory Usage: 254644 KB
2024-09-03 18:27:58 Memory Usage: 256988 KB
2024-09-03 18:27:59 Memory Usage: 256988 KB
match_ector finished after 3.26353s
pattern matching level 2 time 121.262s
pattern extension level 2 time 0.000736s
3 frequent patterns: 
[1,0-2,0][1,0-3,0][2,0-3,0]: 1962968
[1,0-2,0][1,0-3,0][1,0-4,0]: 2715533
[1,0-2,0][1,0-3,0][2,0-4,0]: 3105932
finished in 123.833s
3-FSM with threshold 2000
2024-09-03 18:32:07 Memory Usage: 47192 KB
init pattern generation time 1.1e-05s
match_multi finished after 0.243191s
init pattern matching time 0.246626s
pattern extension level 0 time 0.0001s
2024-09-03 18:32:08 Memory Usage: 241840 KB
2024-09-03 18:32:09 Memory Usage: 249688 KB
match_single finished after 1.98258s
match_ector finished after 0.214059s
pattern matching level 1 time 2.20149s
pattern extension level 1 time 0.000219s
2024-09-03 18:32:10 Memory Usage: 251132 KB
2024-09-03 18:32:11 Memory Usage: 251132 KB
2024-09-03 18:32:12 Memory Usage: 251132 KB
2024-09-03 18:32:13 Memory Usage: 251132 KB
2024-09-03 18:32:14 Memory Usage: 251132 KB
2024-09-03 18:32:16 Memory Usage: 251132 KB
2024-09-03 18:32:17 Memory Usage: 251132 KB
2024-09-03 18:32:18 Memory Usage: 251132 KB
2024-09-03 18:32:19 Memory Usage: 251132 KB
2024-09-03 18:32:20 Memory Usage: 251132 KB
2024-09-03 18:32:21 Memory Usage: 251132 KB
2024-09-03 18:32:22 Memory Usage: 251132 KB
2024-09-03 18:32:23 Memory Usage: 251132 KB
2024-09-03 18:32:24 Memory Usage: 251132 KB
2024-09-03 18:32:25 Memory Usage: 251132 KB
2024-09-03 18:32:26 Memory Usage: 251132 KB
2024-09-03 18:32:28 Memory Usage: 251132 KB
2024-09-03 18:32:29 Memory Usage: 251132 KB
2024-09-03 18:32:30 Memory Usage: 251132 KB
2024-09-03 18:32:31 Memory Usage: 251132 KB
2024-09-03 18:32:32 Memory Usage: 251132 KB
2024-09-03 18:32:33 Memory Usage: 251132 KB
2024-09-03 18:32:34 Memory Usage: 251132 KB
2024-09-03 18:32:35 Memory Usage: 251132 KB
2024-09-03 18:32:36 Memory Usage: 251132 KB
2024-09-03 18:32:37 Memory Usage: 251132 KB
2024-09-03 18:32:38 Memory Usage: 251132 KB
2024-09-03 18:32:40 Memory Usage: 251132 KB
2024-09-03 18:32:41 Memory Usage: 251132 KB
2024-09-03 18:32:42 Memory Usage: 251132 KB
2024-09-03 18:32:43 Memory Usage: 251132 KB
2024-09-03 18:32:44 Memory Usage: 251132 KB
2024-09-03 18:32:45 Memory Usage: 251132 KB
2024-09-03 18:32:46 Memory Usage: 251132 KB
2024-09-03 18:32:47 Memory Usage: 251132 KB
2024-09-03 18:32:48 Memory Usage: 251132 KB
2024-09-03 18:32:49 Memory Usage: 251132 KB
2024-09-03 18:32:50 Memory Usage: 251132 KB
2024-09-03 18:32:51 Memory Usage: 251132 KB
2024-09-03 18:32:53 Memory Usage: 251132 KB
2024-09-03 18:32:54 Memory Usage: 251132 KB
2024-09-03 18:32:55 Memory Usage: 251132 KB
2024-09-03 18:32:56 Memory Usage: 251132 KB
2024-09-03 18:32:57 Memory Usage: 251132 KB
2024-09-03 18:32:58 Memory Usage: 251132 KB
2024-09-03 18:32:59 Memory Usage: 251132 KB
2024-09-03 18:33:00 Memory Usage: 251132 KB
2024-09-03 18:33:01 Memory Usage: 251912 KB
2024-09-03 18:33:02 Memory Usage: 251912 KB
2024-09-03 18:33:03 Memory Usage: 254252 KB
2024-09-03 18:33:05 Memory Usage: 254772 KB
2024-09-03 18:33:06 Memory Usage: 255824 KB
2024-09-03 18:33:07 Memory Usage: 257864 KB
2024-09-03 18:33:08 Memory Usage: 257864 KB
2024-09-03 18:33:09 Memory Usage: 257864 KB
2024-09-03 18:33:10 Memory Usage: 257864 KB
2024-09-03 18:33:11 Memory Usage: 257864 KB
2024-09-03 18:33:12 Memory Usage: 257864 KB
2024-09-03 18:33:13 Memory Usage: 257864 KB
2024-09-03 18:33:14 Memory Usage: 257864 KB
2024-09-03 18:33:15 Memory Usage: 257864 KB
2024-09-03 18:33:17 Memory Usage: 257864 KB
2024-09-03 18:33:18 Memory Usage: 257864 KB
2024-09-03 18:33:19 Memory Usage: 257864 KB
2024-09-03 18:33:20 Memory Usage: 257864 KB
2024-09-03 18:33:21 Memory Usage: 257864 KB
2024-09-03 18:33:22 Memory Usage: 257864 KB
2024-09-03 18:33:23 Memory Usage: 257864 KB
2024-09-03 18:33:24 Memory Usage: 257864 KB
2024-09-03 18:33:25 Memory Usage: 257864 KB
2024-09-03 18:33:26 Memory Usage: 257864 KB
2024-09-03 18:33:27 Memory Usage: 257864 KB
2024-09-03 18:33:29 Memory Usage: 257864 KB
2024-09-03 18:33:30 Memory Usage: 257864 KB
2024-09-03 18:33:31 Memory Usage: 257864 KB
2024-09-03 18:33:32 Memory Usage: 257864 KB
2024-09-03 18:33:33 Memory Usage: 257864 KB
2024-09-03 18:33:34 Memory Usage: 257864 KB
2024-09-03 18:33:35 Memory Usage: 257864 KB
2024-09-03 18:33:36 Memory Usage: 257864 KB
2024-09-03 18:33:37 Memory Usage: 257864 KB
2024-09-03 18:33:38 Memory Usage: 257864 KB
2024-09-03 18:33:39 Memory Usage: 257864 KB
2024-09-03 18:33:41 Memory Usage: 257864 KB
2024-09-03 18:33:42 Memory Usage: 257864 KB
2024-09-03 18:33:43 Memory Usage: 257864 KB
2024-09-03 18:33:44 Memory Usage: 257864 KB
2024-09-03 18:33:45 Memory Usage: 257864 KB
2024-09-03 18:33:46 Memory Usage: 257864 KB
2024-09-03 18:33:47 Memory Usage: 257864 KB
2024-09-03 18:33:48 Memory Usage: 258384 KB
2024-09-03 18:33:49 Memory Usage: 258644 KB
2024-09-03 18:33:50 Memory Usage: 258644 KB
2024-09-03 18:33:51 Memory Usage: 258644 KB
2024-09-03 18:33:53 Memory Usage: 258904 KB
2024-09-03 18:33:54 Memory Usage: 258904 KB
2024-09-03 18:33:55 Memory Usage: 258904 KB
2024-09-03 18:33:56 Memory Usage: 259164 KB
2024-09-03 18:33:57 Memory Usage: 259164 KB
2024-09-03 18:33:58 Memory Usage: 259164 KB
2024-09-03 18:33:59 Memory Usage: 259164 KB
2024-09-03 18:34:00 Memory Usage: 259164 KB
2024-09-03 18:34:01 Memory Usage: 259164 KB
2024-09-03 18:34:02 Memory Usage: 259164 KB
2024-09-03 18:34:03 Memory Usage: 259164 KB
2024-09-03 18:34:05 Memory Usage: 259428 KB
2024-09-03 18:34:06 Memory Usage: 259956 KB
match_single finished after 116.454s
2024-09-03 18:34:07 Memory Usage: 255400 KB
2024-09-03 18:34:08 Memory Usage: 255400 KB
2024-09-03 18:34:09 Memory Usage: 255400 KB
match_ector finished after 3.28089s
pattern matching level 2 time 119.742s
pattern extension level 2 time 0.000734s
3 frequent patterns: 
[1,0-2,0][1,0-3,0][2,0-3,0]: 1962968
[1,0-2,0][1,0-3,0][1,0-4,0]: 2715533
[1,0-2,0][1,0-3,0][2,0-4,0]: 3105932
finished in 122.193s
run.sh: line 17: Wait: command not found
3-FSM with threshold 24000
2024-09-04 12:22:01 Memory Usage: 48180 KB
init pattern generation time 1.2e-05s
2024-09-04 12:22:02 Memory Usage: 389140 KB
match_multi finished after 1.16771s
init pattern matching time 1.24978s
pattern extension level 0 time 0.014967s
2024-09-04 12:22:03 Memory Usage: 310632 KB
2024-09-04 12:22:04 Memory Usage: 310632 KB
2024-09-04 12:22:05 Memory Usage: 310632 KB
2024-09-04 12:22:06 Memory Usage: 310632 KB
2024-09-04 12:22:08 Memory Usage: 310632 KB
2024-09-04 12:22:09 Memory Usage: 310632 KB
2024-09-04 12:22:10 Memory Usage: 310632 KB
2024-09-04 12:22:11 Memory Usage: 310632 KB
2024-09-04 12:22:12 Memory Usage: 310632 KB
2024-09-04 12:22:13 Memory Usage: 310632 KB
2024-09-04 12:22:14 Memory Usage: 310632 KB
2024-09-04 12:22:15 Memory Usage: 310632 KB
2024-09-04 12:22:16 Memory Usage: 310632 KB
2024-09-04 12:22:17 Memory Usage: 310632 KB
2024-09-04 12:22:18 Memory Usage: 310632 KB
2024-09-04 12:22:20 Memory Usage: 310632 KB
2024-09-04 12:22:21 Memory Usage: 310632 KB
2024-09-04 12:22:22 Memory Usage: 310632 KB
2024-09-04 12:22:23 Memory Usage: 310632 KB
2024-09-04 12:22:24 Memory Usage: 310632 KB
2024-09-04 12:22:25 Memory Usage: 310632 KB
2024-09-04 12:22:26 Memory Usage: 310632 KB
2024-09-04 12:22:27 Memory Usage: 310632 KB
2024-09-04 12:22:28 Memory Usage: 310632 KB
2024-09-04 12:22:29 Memory Usage: 310632 KB
2024-09-04 12:22:30 Memory Usage: 310632 KB
2024-09-04 12:22:32 Memory Usage: 310632 KB
2024-09-04 12:22:33 Memory Usage: 310632 KB
2024-09-04 12:22:34 Memory Usage: 310632 KB
2024-09-04 12:22:35 Memory Usage: 310632 KB
2024-09-04 12:22:36 Memory Usage: 310632 KB
2024-09-04 12:22:37 Memory Usage: 310632 KB
2024-09-04 12:22:38 Memory Usage: 310632 KB
2024-09-04 12:22:39 Memory Usage: 310632 KB
2024-09-04 12:22:40 Memory Usage: 310632 KB
2024-09-04 12:22:41 Memory Usage: 310632 KB
2024-09-04 12:22:42 Memory Usage: 310632 KB
2024-09-04 12:22:44 Memory Usage: 310632 KB
2024-09-04 12:22:45 Memory Usage: 310632 KB
2024-09-04 12:22:46 Memory Usage: 310632 KB
2024-09-04 12:22:47 Memory Usage: 310632 KB
2024-09-04 12:22:48 Memory Usage: 310632 KB
2024-09-04 12:22:49 Memory Usage: 310632 KB
2024-09-04 12:22:50 Memory Usage: 310632 KB
2024-09-04 12:22:51 Memory Usage: 310632 KB
2024-09-04 12:22:52 Memory Usage: 310632 KB
2024-09-04 12:22:53 Memory Usage: 310632 KB
2024-09-04 12:22:55 Memory Usage: 310632 KB
2024-09-04 12:22:56 Memory Usage: 310632 KB
2024-09-04 12:22:57 Memory Usage: 310632 KB
2024-09-04 12:22:58 Memory Usage: 310632 KB
2024-09-04 12:22:59 Memory Usage: 310632 KB
2024-09-04 12:23:00 Memory Usage: 310632 KB
2024-09-04 12:23:01 Memory Usage: 310632 KB
2024-09-04 12:23:02 Memory Usage: 310632 KB
2024-09-04 12:23:03 Memory Usage: 310632 KB
2024-09-04 12:23:04 Memory Usage: 310632 KB
2024-09-04 12:23:05 Memory Usage: 310632 KB
2024-09-04 12:23:07 Memory Usage: 310632 KB
2024-09-04 12:23:08 Memory Usage: 310632 KB
2024-09-04 12:23:09 Memory Usage: 310632 KB
2024-09-04 12:23:10 Memory Usage: 310632 KB
2024-09-04 12:23:11 Memory Usage: 310632 KB
2024-09-04 12:23:12 Memory Usage: 310632 KB
2024-09-04 12:23:13 Memory Usage: 310632 KB
2024-09-04 12:23:14 Memory Usage: 310632 KB
2024-09-04 12:23:15 Memory Usage: 310632 KB
2024-09-04 12:23:16 Memory Usage: 310632 KB
2024-09-04 12:23:18 Memory Usage: 310632 KB
2024-09-04 12:23:19 Memory Usage: 310632 KB
2024-09-04 12:23:20 Memory Usage: 310632 KB
2024-09-04 12:23:21 Memory Usage: 310632 KB
2024-09-04 12:23:22 Memory Usage: 310632 KB
2024-09-04 12:23:23 Memory Usage: 310632 KB
2024-09-04 12:23:24 Memory Usage: 310632 KB
2024-09-04 12:23:25 Memory Usage: 310632 KB
2024-09-04 12:23:26 Memory Usage: 310632 KB
2024-09-04 12:23:27 Memory Usage: 310632 KB
2024-09-04 12:23:28 Memory Usage: 310632 KB
2024-09-04 12:23:30 Memory Usage: 310632 KB
2024-09-04 12:23:31 Memory Usage: 310632 KB
2024-09-04 12:23:32 Memory Usage: 310632 KB
2024-09-04 12:23:33 Memory Usage: 310632 KB
2024-09-04 12:23:34 Memory Usage: 310632 KB
2024-09-04 12:23:35 Memory Usage: 310632 KB
2024-09-04 12:23:36 Memory Usage: 310632 KB
2024-09-04 12:23:37 Memory Usage: 310632 KB
2024-09-04 12:23:38 Memory Usage: 310632 KB
2024-09-04 12:23:39 Memory Usage: 310124 KB
2024-09-04 12:23:40 Memory Usage: 310124 KB
2024-09-04 12:23:42 Memory Usage: 307172 KB
2024-09-04 12:23:43 Memory Usage: 307172 KB
2024-09-04 12:23:44 Memory Usage: 307172 KB
2024-09-04 12:23:45 Memory Usage: 307172 KB
2024-09-04 12:23:46 Memory Usage: 307172 KB
2024-09-04 12:23:47 Memory Usage: 307172 KB
2024-09-04 12:23:48 Memory Usage: 307172 KB
2024-09-04 12:23:49 Memory Usage: 307172 KB
2024-09-04 12:23:50 Memory Usage: 307172 KB
2024-09-04 12:23:51 Memory Usage: 307172 KB
2024-09-04 12:23:53 Memory Usage: 307172 KB
2024-09-04 12:23:54 Memory Usage: 307172 KB
2024-09-04 12:23:55 Memory Usage: 307172 KB
2024-09-04 12:23:56 Memory Usage: 307172 KB
2024-09-04 12:23:57 Memory Usage: 307172 KB
2024-09-04 12:23:58 Memory Usage: 307172 KB
2024-09-04 12:23:59 Memory Usage: 307172 KB
2024-09-04 12:24:00 Memory Usage: 307172 KB
2024-09-04 12:24:01 Memory Usage: 307172 KB
2024-09-04 12:24:02 Memory Usage: 307172 KB
2024-09-04 12:24:04 Memory Usage: 307172 KB
2024-09-04 12:24:05 Memory Usage: 307172 KB
2024-09-04 12:24:06 Memory Usage: 307172 KB
2024-09-04 12:24:07 Memory Usage: 307172 KB
2024-09-04 12:24:08 Memory Usage: 307172 KB
2024-09-04 12:24:09 Memory Usage: 307172 KB
2024-09-04 12:24:10 Memory Usage: 307172 KB
2024-09-04 12:24:11 Memory Usage: 307172 KB
2024-09-04 12:24:12 Memory Usage: 307172 KB
2024-09-04 12:24:13 Memory Usage: 305112 KB
2024-09-04 12:24:14 Memory Usage: 305112 KB
2024-09-04 12:24:16 Memory Usage: 305112 KB
2024-09-04 12:24:17 Memory Usage: 305112 KB
2024-09-04 12:24:18 Memory Usage: 305112 KB
2024-09-04 12:24:19 Memory Usage: 305112 KB
2024-09-04 12:24:20 Memory Usage: 305112 KB
2024-09-04 12:24:21 Memory Usage: 305112 KB
2024-09-04 12:24:22 Memory Usage: 305112 KB
2024-09-04 12:24:23 Memory Usage: 305112 KB
2024-09-04 12:24:24 Memory Usage: 305112 KB
2024-09-04 12:24:25 Memory Usage: 305112 KB
2024-09-04 12:24:27 Memory Usage: 305112 KB
2024-09-04 12:24:28 Memory Usage: 305112 KB
2024-09-04 12:24:29 Memory Usage: 305112 KB
2024-09-04 12:24:30 Memory Usage: 305112 KB
2024-09-04 12:24:31 Memory Usage: 305112 KB
2024-09-04 12:24:32 Memory Usage: 305112 KB
2024-09-04 12:24:33 Memory Usage: 305112 KB
2024-09-04 12:24:34 Memory Usage: 305112 KB
2024-09-04 12:24:35 Memory Usage: 305112 KB
2024-09-04 12:24:36 Memory Usage: 305112 KB
2024-09-04 12:24:37 Memory Usage: 305112 KB
2024-09-04 12:24:39 Memory Usage: 305112 KB
2024-09-04 12:24:40 Memory Usage: 305112 KB
2024-09-04 12:24:41 Memory Usage: 305112 KB
2024-09-04 12:24:42 Memory Usage: 305112 KB
2024-09-04 12:24:43 Memory Usage: 305112 KB
2024-09-04 12:24:44 Memory Usage: 305112 KB
2024-09-04 12:24:45 Memory Usage: 305112 KB
2024-09-04 12:24:46 Memory Usage: 305112 KB
2024-09-04 12:24:47 Memory Usage: 305112 KB
2024-09-04 12:24:48 Memory Usage: 305112 KB
2024-09-04 12:24:49 Memory Usage: 305112 KB
2024-09-04 12:24:51 Memory Usage: 305112 KB
2024-09-04 12:24:52 Memory Usage: 305112 KB
2024-09-04 12:24:53 Memory Usage: 305112 KB
2024-09-04 12:24:54 Memory Usage: 305112 KB
2024-09-04 12:24:55 Memory Usage: 305112 KB
2024-09-04 12:24:56 Memory Usage: 305112 KB
2024-09-04 12:24:57 Memory Usage: 305112 KB
2024-09-04 12:24:58 Memory Usage: 305112 KB
2024-09-04 12:24:59 Memory Usage: 305112 KB
2024-09-04 12:25:00 Memory Usage: 305112 KB
2024-09-04 12:25:02 Memory Usage: 305112 KB
2024-09-04 12:25:03 Memory Usage: 305112 KB
2024-09-04 12:25:04 Memory Usage: 305112 KB
2024-09-04 12:25:05 Memory Usage: 305112 KB
2024-09-04 12:25:06 Memory Usage: 305112 KB
2024-09-04 12:25:07 Memory Usage: 305112 KB
2024-09-04 12:25:08 Memory Usage: 305112 KB
2024-09-04 12:25:09 Memory Usage: 305112 KB
2024-09-04 12:25:10 Memory Usage: 305112 KB
2024-09-04 12:25:11 Memory Usage: 305112 KB
2024-09-04 12:25:12 Memory Usage: 305112 KB
2024-09-04 12:25:13 Memory Usage: 305112 KB
2024-09-04 12:25:15 Memory Usage: 305112 KB
2024-09-04 12:25:16 Memory Usage: 305112 KB
2024-09-04 12:25:17 Memory Usage: 305112 KB
2024-09-04 12:25:18 Memory Usage: 305112 KB
2024-09-04 12:25:19 Memory Usage: 305112 KB
2024-09-04 12:25:20 Memory Usage: 305112 KB
2024-09-04 12:25:21 Memory Usage: 305112 KB
2024-09-04 12:25:22 Memory Usage: 305112 KB
2024-09-04 12:25:23 Memory Usage: 305112 KB
2024-09-04 12:25:24 Memory Usage: 305112 KB
2024-09-04 12:25:26 Memory Usage: 305112 KB
2024-09-04 12:25:27 Memory Usage: 305112 KB
2024-09-04 12:25:28 Memory Usage: 305112 KB
2024-09-04 12:25:29 Memory Usage: 305112 KB
2024-09-04 12:25:30 Memory Usage: 305112 KB
2024-09-04 12:25:31 Memory Usage: 305112 KB
2024-09-04 12:25:32 Memory Usage: 305112 KB
2024-09-04 12:25:33 Memory Usage: 305112 KB
2024-09-04 12:25:34 Memory Usage: 305112 KB
2024-09-04 12:25:35 Memory Usage: 305112 KB
2024-09-04 12:25:36 Memory Usage: 305112 KB
2024-09-04 12:25:37 Memory Usage: 305112 KB
2024-09-04 12:25:39 Memory Usage: 305112 KB
2024-09-04 12:25:40 Memory Usage: 305112 KB
2024-09-04 12:25:41 Memory Usage: 305112 KB
2024-09-04 12:25:42 Memory Usage: 305112 KB
2024-09-04 12:25:43 Memory Usage: 305112 KB
2024-09-04 12:25:44 Memory Usage: 305112 KB
2024-09-04 12:25:45 Memory Usage: 305112 KB
2024-09-04 12:25:46 Memory Usage: 305112 KB
2024-09-04 12:25:47 Memory Usage: 305112 KB
2024-09-04 12:25:48 Memory Usage: 305112 KB
2024-09-04 12:25:49 Memory Usage: 305112 KB
2024-09-04 12:25:51 Memory Usage: 305112 KB
2024-09-04 12:25:52 Memory Usage: 305112 KB
2024-09-04 12:25:53 Memory Usage: 305112 KB
2024-09-04 12:25:54 Memory Usage: 305112 KB
2024-09-04 12:25:55 Memory Usage: 305112 KB
2024-09-04 12:25:56 Memory Usage: 305112 KB
2024-09-04 12:25:57 Memory Usage: 305112 KB
2024-09-04 12:25:58 Memory Usage: 305112 KB
2024-09-04 12:25:59 Memory Usage: 305112 KB
2024-09-04 12:26:00 Memory Usage: 305112 KB
2024-09-04 12:26:01 Memory Usage: 305112 KB
2024-09-04 12:26:03 Memory Usage: 305112 KB
2024-09-04 12:26:04 Memory Usage: 305112 KB
2024-09-04 12:26:05 Memory Usage: 305112 KB
2024-09-04 12:26:06 Memory Usage: 305112 KB
2024-09-04 12:26:07 Memory Usage: 305112 KB
2024-09-04 12:26:08 Memory Usage: 305112 KB
2024-09-04 12:26:09 Memory Usage: 305112 KB
2024-09-04 12:26:10 Memory Usage: 305112 KB
2024-09-04 12:26:11 Memory Usage: 305112 KB
2024-09-04 12:26:12 Memory Usage: 305112 KB
2024-09-04 12:26:14 Memory Usage: 305112 KB
2024-09-04 12:26:15 Memory Usage: 305112 KB
2024-09-04 12:26:16 Memory Usage: 305112 KB
2024-09-04 12:26:17 Memory Usage: 305112 KB
2024-09-04 12:26:18 Memory Usage: 305112 KB
2024-09-04 12:26:19 Memory Usage: 305112 KB
2024-09-04 12:26:20 Memory Usage: 305112 KB
2024-09-04 12:26:21 Memory Usage: 305112 KB
2024-09-04 12:26:22 Memory Usage: 305112 KB
2024-09-04 12:26:23 Memory Usage: 305112 KB
2024-09-04 12:26:24 Memory Usage: 305112 KB
2024-09-04 12:26:26 Memory Usage: 305112 KB
2024-09-04 12:26:27 Memory Usage: 305112 KB
2024-09-04 12:26:28 Memory Usage: 305112 KB
2024-09-04 12:26:29 Memory Usage: 305112 KB
2024-09-04 12:26:30 Memory Usage: 305112 KB
2024-09-04 12:26:31 Memory Usage: 305112 KB
2024-09-04 12:26:32 Memory Usage: 305112 KB
2024-09-04 12:26:33 Memory Usage: 305112 KB
2024-09-04 12:26:34 Memory Usage: 305112 KB
2024-09-04 12:26:35 Memory Usage: 305112 KB
2024-09-04 12:26:36 Memory Usage: 305112 KB
2024-09-04 12:26:38 Memory Usage: 305112 KB
2024-09-04 12:26:39 Memory Usage: 305112 KB
2024-09-04 12:26:40 Memory Usage: 305112 KB
2024-09-04 12:26:41 Memory Usage: 305112 KB
2024-09-04 12:26:42 Memory Usage: 305112 KB
2024-09-04 12:26:43 Memory Usage: 305112 KB
2024-09-04 12:26:44 Memory Usage: 305112 KB
2024-09-04 12:26:45 Memory Usage: 305112 KB
2024-09-04 12:26:46 Memory Usage: 305112 KB
2024-09-04 12:26:47 Memory Usage: 305112 KB
2024-09-04 12:26:48 Memory Usage: 305112 KB
2024-09-04 12:26:50 Memory Usage: 305112 KB
2024-09-04 12:26:51 Memory Usage: 305112 KB
2024-09-04 12:26:52 Memory Usage: 305112 KB
2024-09-04 12:26:53 Memory Usage: 305112 KB
2024-09-04 12:26:54 Memory Usage: 305112 KB
2024-09-04 12:26:55 Memory Usage: 305112 KB
2024-09-04 12:26:56 Memory Usage: 305112 KB
2024-09-04 12:26:57 Memory Usage: 305112 KB
2024-09-04 12:26:58 Memory Usage: 305112 KB
2024-09-04 12:26:59 Memory Usage: 305112 KB
2024-09-04 12:27:00 Memory Usage: 305112 KB
2024-09-04 12:27:02 Memory Usage: 305112 KB
2024-09-04 12:27:03 Memory Usage: 305112 KB
2024-09-04 12:27:04 Memory Usage: 305112 KB
2024-09-04 12:27:05 Memory Usage: 305112 KB
2024-09-04 12:27:06 Memory Usage: 305112 KB
2024-09-04 12:27:07 Memory Usage: 305112 KB
2024-09-04 12:27:08 Memory Usage: 305112 KB
2024-09-04 12:27:09 Memory Usage: 305112 KB
2024-09-04 12:27:10 Memory Usage: 305112 KB
2024-09-04 12:27:11 Memory Usage: 305112 KB
2024-09-04 12:27:12 Memory Usage: 305112 KB
2024-09-04 12:27:14 Memory Usage: 305112 KB
2024-09-04 12:27:15 Memory Usage: 305112 KB
2024-09-04 12:27:16 Memory Usage: 305112 KB
2024-09-04 12:27:17 Memory Usage: 305112 KB
2024-09-04 12:27:18 Memory Usage: 305112 KB
2024-09-04 12:27:19 Memory Usage: 305112 KB
2024-09-04 12:27:20 Memory Usage: 305112 KB
2024-09-04 12:27:21 Memory Usage: 305112 KB
2024-09-04 12:27:22 Memory Usage: 305112 KB
2024-09-04 12:27:23 Memory Usage: 305112 KB
2024-09-04 12:27:24 Memory Usage: 305112 KB
2024-09-04 12:27:26 Memory Usage: 305112 KB
2024-09-04 12:27:27 Memory Usage: 305112 KB
2024-09-04 12:27:28 Memory Usage: 305112 KB
2024-09-04 12:27:29 Memory Usage: 305112 KB
2024-09-04 12:27:30 Memory Usage: 305112 KB
2024-09-04 12:27:31 Memory Usage: 305112 KB
2024-09-04 12:27:32 Memory Usage: 305112 KB
2024-09-04 12:27:33 Memory Usage: 305112 KB
2024-09-04 12:27:34 Memory Usage: 305112 KB
2024-09-04 12:27:35 Memory Usage: 305112 KB
2024-09-04 12:27:36 Memory Usage: 305112 KB
2024-09-04 12:27:38 Memory Usage: 305112 KB
2024-09-04 12:27:39 Memory Usage: 305112 KB
2024-09-04 12:27:40 Memory Usage: 305112 KB
2024-09-04 12:27:41 Memory Usage: 305112 KB
2024-09-04 12:27:42 Memory Usage: 305112 KB
2024-09-04 12:27:43 Memory Usage: 305112 KB
2024-09-04 12:27:44 Memory Usage: 305112 KB
2024-09-04 12:27:45 Memory Usage: 305112 KB
2024-09-04 12:27:46 Memory Usage: 305112 KB
2024-09-04 12:27:47 Memory Usage: 305112 KB
2024-09-04 12:27:48 Memory Usage: 305112 KB
2024-09-04 12:27:50 Memory Usage: 305112 KB
2024-09-04 12:27:51 Memory Usage: 305112 KB
2024-09-04 12:27:52 Memory Usage: 305112 KB
2024-09-04 12:27:53 Memory Usage: 305112 KB
2024-09-04 12:27:54 Memory Usage: 305112 KB
2024-09-04 12:27:55 Memory Usage: 305112 KB
2024-09-04 12:27:56 Memory Usage: 305112 KB
2024-09-04 12:27:57 Memory Usage: 305112 KB
2024-09-04 12:27:58 Memory Usage: 305112 KB
2024-09-04 12:27:59 Memory Usage: 305112 KB
2024-09-04 12:28:01 Memory Usage: 305112 KB
2024-09-04 12:28:02 Memory Usage: 305112 KB
2024-09-04 12:28:03 Memory Usage: 305112 KB
2024-09-04 12:28:04 Memory Usage: 305112 KB
2024-09-04 12:28:05 Memory Usage: 305112 KB
2024-09-04 12:28:06 Memory Usage: 305112 KB
2024-09-04 12:28:07 Memory Usage: 305112 KB
2024-09-04 12:28:08 Memory Usage: 305112 KB
2024-09-04 12:28:09 Memory Usage: 305112 KB
2024-09-04 12:28:10 Memory Usage: 305112 KB
2024-09-04 12:28:11 Memory Usage: 305112 KB
2024-09-04 12:28:12 Memory Usage: 305112 KB
2024-09-04 12:28:14 Memory Usage: 305112 KB
2024-09-04 12:28:15 Memory Usage: 305112 KB
2024-09-04 12:28:16 Memory Usage: 305112 KB
2024-09-04 12:28:17 Memory Usage: 305112 KB
2024-09-04 12:28:18 Memory Usage: 305112 KB
2024-09-04 12:28:19 Memory Usage: 305112 KB
2024-09-04 12:28:20 Memory Usage: 305112 KB
2024-09-04 12:28:21 Memory Usage: 305112 KB
2024-09-04 12:28:22 Memory Usage: 305112 KB
2024-09-04 12:28:23 Memory Usage: 305112 KB
2024-09-04 12:28:24 Memory Usage: 305112 KB
2024-09-04 12:28:26 Memory Usage: 305112 KB
2024-09-04 12:28:27 Memory Usage: 305112 KB
2024-09-04 12:28:28 Memory Usage: 305112 KB
2024-09-04 12:28:29 Memory Usage: 305112 KB
2024-09-04 12:28:30 Memory Usage: 305112 KB
2024-09-04 12:28:31 Memory Usage: 305112 KB
2024-09-04 12:28:32 Memory Usage: 305112 KB
2024-09-04 12:28:33 Memory Usage: 305112 KB
2024-09-04 12:28:34 Memory Usage: 305112 KB
2024-09-04 12:28:35 Memory Usage: 305112 KB
2024-09-04 12:28:36 Memory Usage: 305112 KB
2024-09-04 12:28:38 Memory Usage: 305112 KB
2024-09-04 12:28:39 Memory Usage: 305112 KB
2024-09-04 12:28:40 Memory Usage: 305112 KB
2024-09-04 12:28:41 Memory Usage: 305112 KB
2024-09-04 12:28:42 Memory Usage: 305112 KB
2024-09-04 12:28:43 Memory Usage: 305112 KB
2024-09-04 12:28:44 Memory Usage: 305112 KB
2024-09-04 12:28:45 Memory Usage: 305112 KB
match_single finished after 403.131s
2024-09-04 12:28:46 Memory Usage: 295836 KB
2024-09-04 12:28:47 Memory Usage: 295836 KB
2024-09-04 12:28:49 Memory Usage: 295836 KB
2024-09-04 12:28:50 Memory Usage: 295836 KB
2024-09-04 12:28:51 Memory Usage: 295836 KB
2024-09-04 12:28:52 Memory Usage: 295836 KB
2024-09-04 12:28:53 Memory Usage: 295836 KB
2024-09-04 12:28:54 Memory Usage: 295836 KB
2024-09-04 12:28:55 Memory Usage: 295836 KB
2024-09-04 12:28:56 Memory Usage: 295836 KB
2024-09-04 12:28:57 Memory Usage: 295836 KB
2024-09-04 12:28:58 Memory Usage: 295836 KB
2024-09-04 12:28:59 Memory Usage: 295836 KB
2024-09-04 12:29:01 Memory Usage: 295836 KB
2024-09-04 12:29:02 Memory Usage: 295836 KB
2024-09-04 12:29:03 Memory Usage: 295836 KB
2024-09-04 12:29:04 Memory Usage: 295836 KB
2024-09-04 12:29:05 Memory Usage: 295836 KB
2024-09-04 12:29:06 Memory Usage: 296096 KB
match_ector finished after 21.0494s
pattern matching level 1 time 424.194s
pattern extension level 1 time 0.015619s
2024-09-04 12:29:07 Memory Usage: 297724 KB
2024-09-04 12:29:08 Memory Usage: 297724 KB
2024-09-04 12:29:09 Memory Usage: 297724 KB
2024-09-04 12:29:10 Memory Usage: 297408 KB
2024-09-04 12:29:11 Memory Usage: 297408 KB
2024-09-04 12:29:13 Memory Usage: 297408 KB
2024-09-04 12:29:14 Memory Usage: 297408 KB
2024-09-04 12:29:15 Memory Usage: 297408 KB
2024-09-04 12:29:16 Memory Usage: 297408 KB
2024-09-04 12:29:17 Memory Usage: 297408 KB
2024-09-04 12:29:18 Memory Usage: 297408 KB
2024-09-04 12:29:19 Memory Usage: 297408 KB
2024-09-04 12:29:20 Memory Usage: 297408 KB
2024-09-04 12:29:21 Memory Usage: 297408 KB
2024-09-04 12:29:22 Memory Usage: 297408 KB
2024-09-04 12:29:23 Memory Usage: 297408 KB
2024-09-04 12:29:25 Memory Usage: 297408 KB
2024-09-04 12:29:26 Memory Usage: 297408 KB
2024-09-04 12:29:27 Memory Usage: 297408 KB
2024-09-04 12:29:28 Memory Usage: 297408 KB
2024-09-04 12:29:29 Memory Usage: 297408 KB
2024-09-04 12:29:30 Memory Usage: 297408 KB
2024-09-04 12:29:31 Memory Usage: 297408 KB
2024-09-04 12:29:32 Memory Usage: 297408 KB
2024-09-04 12:29:33 Memory Usage: 297408 KB
2024-09-04 12:29:34 Memory Usage: 297408 KB
2024-09-04 12:29:35 Memory Usage: 297408 KB
2024-09-04 12:29:37 Memory Usage: 297408 KB
2024-09-04 12:29:38 Memory Usage: 297408 KB
2024-09-04 12:29:39 Memory Usage: 297408 KB
2024-09-04 12:29:40 Memory Usage: 297408 KB
2024-09-04 12:29:41 Memory Usage: 297408 KB
2024-09-04 12:29:42 Memory Usage: 297408 KB
2024-09-04 12:29:43 Memory Usage: 297408 KB
2024-09-04 12:29:44 Memory Usage: 297408 KB
2024-09-04 12:29:45 Memory Usage: 297408 KB
2024-09-04 12:29:46 Memory Usage: 297408 KB
2024-09-04 12:29:47 Memory Usage: 297408 KB
2024-09-04 12:29:49 Memory Usage: 297408 KB
2024-09-04 12:29:50 Memory Usage: 297408 KB
2024-09-04 12:29:51 Memory Usage: 297408 KB
2024-09-04 12:29:52 Memory Usage: 297408 KB
2024-09-04 12:29:53 Memory Usage: 297408 KB
2024-09-04 12:29:54 Memory Usage: 297408 KB
2024-09-04 12:29:55 Memory Usage: 297408 KB
2024-09-04 12:29:56 Memory Usage: 297408 KB
2024-09-04 12:29:57 Memory Usage: 297408 KB
2024-09-04 12:29:58 Memory Usage: 297408 KB
2024-09-04 12:30:00 Memory Usage: 297408 KB
2024-09-04 12:30:01 Memory Usage: 297408 KB
2024-09-04 12:30:02 Memory Usage: 297408 KB
2024-09-04 12:30:03 Memory Usage: 297408 KB
2024-09-04 12:30:04 Memory Usage: 297408 KB
2024-09-04 12:30:05 Memory Usage: 297408 KB
2024-09-04 12:30:06 Memory Usage: 297408 KB
2024-09-04 12:30:07 Memory Usage: 297408 KB
2024-09-04 12:30:08 Memory Usage: 297408 KB
2024-09-04 12:30:09 Memory Usage: 297408 KB
2024-09-04 12:30:11 Memory Usage: 297408 KB
2024-09-04 12:30:12 Memory Usage: 297408 KB
2024-09-04 12:30:13 Memory Usage: 297408 KB
2024-09-04 12:30:14 Memory Usage: 297408 KB
2024-09-04 12:30:15 Memory Usage: 297408 KB
2024-09-04 12:30:16 Memory Usage: 297408 KB
2024-09-04 12:30:17 Memory Usage: 297408 KB
2024-09-04 12:30:18 Memory Usage: 297408 KB
2024-09-04 12:30:19 Memory Usage: 297408 KB
2024-09-04 12:30:20 Memory Usage: 297408 KB
2024-09-04 12:30:21 Memory Usage: 297408 KB
2024-09-04 12:30:23 Memory Usage: 297408 KB
2024-09-04 12:30:24 Memory Usage: 297408 KB
2024-09-04 12:30:25 Memory Usage: 297408 KB
2024-09-04 12:30:26 Memory Usage: 297408 KB
2024-09-04 12:30:27 Memory Usage: 297408 KB
2024-09-04 12:30:28 Memory Usage: 297408 KB
2024-09-04 12:30:29 Memory Usage: 297408 KB
2024-09-04 12:30:30 Memory Usage: 297408 KB
2024-09-04 12:30:31 Memory Usage: 297408 KB
2024-09-04 12:30:32 Memory Usage: 297408 KB
2024-09-04 12:30:33 Memory Usage: 297408 KB
2024-09-04 12:30:35 Memory Usage: 297408 KB
2024-09-04 12:30:36 Memory Usage: 297408 KB
2024-09-04 12:30:37 Memory Usage: 297408 KB
2024-09-04 12:30:38 Memory Usage: 297408 KB
2024-09-04 12:30:39 Memory Usage: 297408 KB
2024-09-04 12:30:40 Memory Usage: 297408 KB
2024-09-04 12:30:41 Memory Usage: 297408 KB
2024-09-04 12:30:42 Memory Usage: 297408 KB
2024-09-04 12:30:43 Memory Usage: 297408 KB
2024-09-04 12:30:44 Memory Usage: 297408 KB
2024-09-04 12:30:46 Memory Usage: 297408 KB
2024-09-04 12:30:47 Memory Usage: 297408 KB
2024-09-04 12:30:48 Memory Usage: 297408 KB
2024-09-04 12:30:49 Memory Usage: 297408 KB
2024-09-04 12:30:50 Memory Usage: 297408 KB
2024-09-04 12:30:51 Memory Usage: 297408 KB
2024-09-04 12:30:52 Memory Usage: 297408 KB
2024-09-04 12:30:53 Memory Usage: 297408 KB
2024-09-04 12:30:54 Memory Usage: 297408 KB
2024-09-04 12:30:56 Memory Usage: 297408 KB
2024-09-04 12:30:57 Memory Usage: 297408 KB
2024-09-04 12:30:58 Memory Usage: 297408 KB
2024-09-04 12:30:59 Memory Usage: 297408 KB
2024-09-04 12:31:00 Memory Usage: 297408 KB
2024-09-04 12:31:01 Memory Usage: 297408 KB
2024-09-04 12:31:02 Memory Usage: 297408 KB
2024-09-04 12:31:03 Memory Usage: 297408 KB
2024-09-04 12:31:04 Memory Usage: 297408 KB
2024-09-04 12:31:05 Memory Usage: 297408 KB
2024-09-04 12:31:06 Memory Usage: 297408 KB
2024-09-04 12:31:08 Memory Usage: 297408 KB
2024-09-04 12:31:09 Memory Usage: 297408 KB
2024-09-04 12:31:10 Memory Usage: 297408 KB
2024-09-04 12:31:11 Memory Usage: 297408 KB
2024-09-04 12:31:12 Memory Usage: 297408 KB
2024-09-04 12:31:13 Memory Usage: 297408 KB
2024-09-04 12:31:14 Memory Usage: 297408 KB
2024-09-04 12:31:15 Memory Usage: 297408 KB
2024-09-04 12:31:16 Memory Usage: 297408 KB
2024-09-04 12:31:17 Memory Usage: 297408 KB
2024-09-04 12:31:19 Memory Usage: 297408 KB
2024-09-04 12:31:20 Memory Usage: 297408 KB
2024-09-04 12:31:21 Memory Usage: 297408 KB
2024-09-04 12:31:22 Memory Usage: 297408 KB
2024-09-04 12:31:23 Memory Usage: 297408 KB
2024-09-04 12:31:24 Memory Usage: 297408 KB
2024-09-04 12:31:25 Memory Usage: 297408 KB
2024-09-04 12:31:26 Memory Usage: 297408 KB
2024-09-04 12:31:27 Memory Usage: 297408 KB
2024-09-04 12:31:28 Memory Usage: 297408 KB
2024-09-04 12:31:29 Memory Usage: 297408 KB
2024-09-04 12:31:30 Memory Usage: 297408 KB
2024-09-04 12:31:32 Memory Usage: 297408 KB
2024-09-04 12:31:33 Memory Usage: 297408 KB
2024-09-04 12:31:34 Memory Usage: 297408 KB
2024-09-04 12:31:35 Memory Usage: 297408 KB
2024-09-04 12:31:36 Memory Usage: 297408 KB
2024-09-04 12:31:37 Memory Usage: 297408 KB
2024-09-04 12:31:38 Memory Usage: 297408 KB
2024-09-04 12:31:39 Memory Usage: 297408 KB
2024-09-04 12:31:40 Memory Usage: 297408 KB
2024-09-04 12:31:41 Memory Usage: 297408 KB
2024-09-04 12:31:43 Memory Usage: 297408 KB
2024-09-04 12:31:44 Memory Usage: 297408 KB
2024-09-04 12:31:45 Memory Usage: 297408 KB
2024-09-04 12:31:46 Memory Usage: 297408 KB
2024-09-04 12:31:47 Memory Usage: 297408 KB
2024-09-04 12:31:48 Memory Usage: 297408 KB
2024-09-04 12:31:49 Memory Usage: 297408 KB
2024-09-04 12:31:50 Memory Usage: 297408 KB
2024-09-04 12:31:51 Memory Usage: 297408 KB
2024-09-04 12:31:53 Memory Usage: 297408 KB
2024-09-04 12:31:54 Memory Usage: 297408 KB
2024-09-04 12:31:55 Memory Usage: 297408 KB
2024-09-04 12:31:56 Memory Usage: 297408 KB
2024-09-04 12:31:57 Memory Usage: 297408 KB
2024-09-04 12:31:58 Memory Usage: 297408 KB
2024-09-04 12:31:59 Memory Usage: 297408 KB
2024-09-04 12:32:00 Memory Usage: 297408 KB
2024-09-04 12:32:01 Memory Usage: 297408 KB
2024-09-04 12:32:02 Memory Usage: 297408 KB
2024-09-04 12:32:03 Memory Usage: 297408 KB
2024-09-04 12:32:05 Memory Usage: 297408 KB
2024-09-04 12:32:06 Memory Usage: 297408 KB
2024-09-04 12:32:07 Memory Usage: 297408 KB
2024-09-04 12:32:08 Memory Usage: 297408 KB
2024-09-04 12:32:09 Memory Usage: 297408 KB
2024-09-04 12:32:10 Memory Usage: 297408 KB
2024-09-04 12:32:11 Memory Usage: 297408 KB
2024-09-04 12:32:12 Memory Usage: 297408 KB
2024-09-04 12:32:13 Memory Usage: 297408 KB
2024-09-04 12:32:14 Memory Usage: 297408 KB
2024-09-04 12:32:16 Memory Usage: 297408 KB
2024-09-04 12:32:17 Memory Usage: 297408 KB
2024-09-04 12:32:18 Memory Usage: 297408 KB
2024-09-04 12:32:19 Memory Usage: 297408 KB
2024-09-04 12:32:20 Memory Usage: 297408 KB
2024-09-04 12:32:21 Memory Usage: 297408 KB
2024-09-04 12:32:22 Memory Usage: 297408 KB
2024-09-04 12:32:23 Memory Usage: 297408 KB
2024-09-04 12:32:24 Memory Usage: 297408 KB
2024-09-04 12:32:25 Memory Usage: 297408 KB
2024-09-04 12:32:26 Memory Usage: 297408 KB
2024-09-04 12:32:28 Memory Usage: 297408 KB
2024-09-04 12:32:29 Memory Usage: 297408 KB
2024-09-04 12:32:30 Memory Usage: 297408 KB
2024-09-04 12:32:31 Memory Usage: 297408 KB
2024-09-04 12:32:32 Memory Usage: 297408 KB
2024-09-04 12:32:33 Memory Usage: 297408 KB
2024-09-04 12:32:34 Memory Usage: 297408 KB
2024-09-04 12:32:35 Memory Usage: 297408 KB
2024-09-04 12:32:36 Memory Usage: 297408 KB
2024-09-04 12:32:37 Memory Usage: 297408 KB
2024-09-04 12:32:39 Memory Usage: 297408 KB
2024-09-04 12:32:40 Memory Usage: 297408 KB
2024-09-04 12:32:41 Memory Usage: 297408 KB
2024-09-04 12:32:42 Memory Usage: 297408 KB
2024-09-04 12:32:43 Memory Usage: 297408 KB
2024-09-04 12:32:44 Memory Usage: 297408 KB
2024-09-04 12:32:45 Memory Usage: 297408 KB
2024-09-04 12:32:46 Memory Usage: 297408 KB
2024-09-04 12:32:47 Memory Usage: 297408 KB
2024-09-04 12:32:48 Memory Usage: 297408 KB
2024-09-04 12:32:49 Memory Usage: 297408 KB
2024-09-04 12:32:51 Memory Usage: 297408 KB
2024-09-04 12:32:52 Memory Usage: 297408 KB
2024-09-04 12:32:53 Memory Usage: 297408 KB
2024-09-04 12:32:54 Memory Usage: 297408 KB
2024-09-04 12:32:55 Memory Usage: 297408 KB
2024-09-04 12:32:56 Memory Usage: 297408 KB
2024-09-04 12:32:57 Memory Usage: 297408 KB
2024-09-04 12:32:58 Memory Usage: 297408 KB
2024-09-04 12:32:59 Memory Usage: 297408 KB
2024-09-04 12:33:00 Memory Usage: 297408 KB
2024-09-04 12:33:02 Memory Usage: 297408 KB
2024-09-04 12:33:03 Memory Usage: 297408 KB
2024-09-04 12:33:04 Memory Usage: 297408 KB
2024-09-04 12:33:05 Memory Usage: 297408 KB
2024-09-04 12:33:06 Memory Usage: 297408 KB
2024-09-04 12:33:07 Memory Usage: 297408 KB
2024-09-04 12:33:08 Memory Usage: 297408 KB
2024-09-04 12:33:09 Memory Usage: 297408 KB
2024-09-04 12:33:10 Memory Usage: 297408 KB
2024-09-04 12:33:11 Memory Usage: 297408 KB
2024-09-04 12:33:13 Memory Usage: 297408 KB
2024-09-04 12:33:14 Memory Usage: 297408 KB
2024-09-04 12:33:15 Memory Usage: 297408 KB
2024-09-04 12:33:16 Memory Usage: 297408 KB
2024-09-04 12:33:17 Memory Usage: 297408 KB
2024-09-04 12:33:18 Memory Usage: 297408 KB
2024-09-04 12:33:19 Memory Usage: 297408 KB
2024-09-04 12:33:20 Memory Usage: 297408 KB
2024-09-04 12:33:21 Memory Usage: 297408 KB
2024-09-04 12:33:22 Memory Usage: 297408 KB
2024-09-04 12:33:23 Memory Usage: 297408 KB
2024-09-04 12:33:25 Memory Usage: 297408 KB
2024-09-04 12:33:26 Memory Usage: 297408 KB
2024-09-04 12:33:27 Memory Usage: 297408 KB
2024-09-04 12:33:28 Memory Usage: 297408 KB
2024-09-04 12:33:29 Memory Usage: 297408 KB
2024-09-04 12:33:30 Memory Usage: 297408 KB
2024-09-04 12:33:31 Memory Usage: 297408 KB
2024-09-04 12:33:32 Memory Usage: 297408 KB
2024-09-04 12:33:33 Memory Usage: 297408 KB
2024-09-04 12:33:34 Memory Usage: 297408 KB
2024-09-04 12:33:36 Memory Usage: 297408 KB
2024-09-04 12:33:37 Memory Usage: 297408 KB
2024-09-04 12:33:38 Memory Usage: 297408 KB
2024-09-04 12:33:39 Memory Usage: 297408 KB
2024-09-04 12:33:40 Memory Usage: 297408 KB
2024-09-04 12:33:41 Memory Usage: 297408 KB
2024-09-04 12:33:42 Memory Usage: 297408 KB
2024-09-04 12:33:43 Memory Usage: 297408 KB
2024-09-04 12:33:44 Memory Usage: 297408 KB
2024-09-04 12:33:45 Memory Usage: 297408 KB
2024-09-04 12:33:47 Memory Usage: 297408 KB
2024-09-04 12:33:48 Memory Usage: 297408 KB
2024-09-04 12:33:49 Memory Usage: 297408 KB
2024-09-04 12:33:50 Memory Usage: 297408 KB
2024-09-04 12:33:51 Memory Usage: 297408 KB
2024-09-04 12:33:52 Memory Usage: 297408 KB
2024-09-04 12:33:53 Memory Usage: 297408 KB
2024-09-04 12:33:54 Memory Usage: 297408 KB
2024-09-04 12:33:55 Memory Usage: 297408 KB
2024-09-04 12:33:56 Memory Usage: 297408 KB
2024-09-04 12:33:57 Memory Usage: 297408 KB
2024-09-04 12:33:59 Memory Usage: 297408 KB
2024-09-04 12:34:00 Memory Usage: 297408 KB
2024-09-04 12:34:01 Memory Usage: 297408 KB
2024-09-04 12:34:02 Memory Usage: 297408 KB
2024-09-04 12:34:03 Memory Usage: 297408 KB
2024-09-04 12:34:04 Memory Usage: 297408 KB
2024-09-04 12:34:05 Memory Usage: 297408 KB
2024-09-04 12:34:06 Memory Usage: 297408 KB
2024-09-04 12:34:07 Memory Usage: 297408 KB
2024-09-04 12:34:08 Memory Usage: 297408 KB
2024-09-04 12:34:10 Memory Usage: 297408 KB
2024-09-04 12:34:11 Memory Usage: 297408 KB
2024-09-04 12:34:12 Memory Usage: 297408 KB
2024-09-04 12:34:13 Memory Usage: 297408 KB
2024-09-04 12:34:14 Memory Usage: 297408 KB
2024-09-04 12:34:15 Memory Usage: 297408 KB
2024-09-04 12:34:16 Memory Usage: 297408 KB
2024-09-04 12:34:17 Memory Usage: 297408 KB
2024-09-04 12:34:18 Memory Usage: 297408 KB
2024-09-04 12:34:19 Memory Usage: 297408 KB
2024-09-04 12:34:21 Memory Usage: 297408 KB
2024-09-04 12:34:22 Memory Usage: 297408 KB
2024-09-04 12:34:23 Memory Usage: 297408 KB
2024-09-04 12:34:24 Memory Usage: 297408 KB
2024-09-04 12:34:25 Memory Usage: 297408 KB
2024-09-04 12:34:26 Memory Usage: 297408 KB
2024-09-04 12:34:27 Memory Usage: 297408 KB
2024-09-04 12:34:28 Memory Usage: 297408 KB
2024-09-04 12:34:29 Memory Usage: 297408 KB
2024-09-04 12:34:30 Memory Usage: 297408 KB
2024-09-04 12:34:32 Memory Usage: 297408 KB
2024-09-04 12:34:33 Memory Usage: 297408 KB
2024-09-04 12:34:34 Memory Usage: 297408 KB
2024-09-04 12:34:35 Memory Usage: 297408 KB
2024-09-04 12:34:36 Memory Usage: 297408 KB
2024-09-04 12:34:37 Memory Usage: 297408 KB
2024-09-04 12:34:38 Memory Usage: 297408 KB
2024-09-04 12:34:39 Memory Usage: 297408 KB
2024-09-04 12:34:40 Memory Usage: 297408 KB
2024-09-04 12:34:41 Memory Usage: 297408 KB
2024-09-04 12:34:43 Memory Usage: 297408 KB
2024-09-04 12:34:44 Memory Usage: 297408 KB
2024-09-04 12:34:45 Memory Usage: 297408 KB
2024-09-04 12:34:46 Memory Usage: 297408 KB
2024-09-04 12:34:47 Memory Usage: 297408 KB
2024-09-04 12:34:48 Memory Usage: 297408 KB
2024-09-04 12:34:49 Memory Usage: 297408 KB
2024-09-04 12:34:50 Memory Usage: 297408 KB
2024-09-04 12:34:51 Memory Usage: 297408 KB
2024-09-04 12:34:52 Memory Usage: 297408 KB
2024-09-04 12:34:54 Memory Usage: 297408 KB
2024-09-04 12:34:55 Memory Usage: 297408 KB
2024-09-04 12:34:56 Memory Usage: 297408 KB
2024-09-04 12:34:57 Memory Usage: 297408 KB
2024-09-04 12:34:58 Memory Usage: 297408 KB
2024-09-04 12:34:59 Memory Usage: 297408 KB
2024-09-04 12:35:00 Memory Usage: 297408 KB
2024-09-04 12:35:01 Memory Usage: 297408 KB
2024-09-04 12:35:02 Memory Usage: 297408 KB
2024-09-04 12:35:03 Memory Usage: 297408 KB
2024-09-04 12:35:04 Memory Usage: 297408 KB
2024-09-04 12:35:06 Memory Usage: 297408 KB
2024-09-04 12:35:07 Memory Usage: 297408 KB
2024-09-04 12:35:08 Memory Usage: 297408 KB
2024-09-04 12:35:09 Memory Usage: 297408 KB
2024-09-04 12:35:10 Memory Usage: 297408 KB
2024-09-04 12:35:11 Memory Usage: 297408 KB
2024-09-04 12:35:12 Memory Usage: 297408 KB
2024-09-04 12:35:13 Memory Usage: 297408 KB
2024-09-04 12:35:14 Memory Usage: 297408 KB
2024-09-04 12:35:15 Memory Usage: 297408 KB
2024-09-04 12:35:16 Memory Usage: 297408 KB
2024-09-04 12:35:18 Memory Usage: 297408 KB
2024-09-04 12:35:19 Memory Usage: 297408 KB
2024-09-04 12:35:20 Memory Usage: 297408 KB
2024-09-04 12:35:21 Memory Usage: 297408 KB
2024-09-04 12:35:22 Memory Usage: 297408 KB
2024-09-04 12:35:23 Memory Usage: 297408 KB
2024-09-04 12:35:24 Memory Usage: 297408 KB
2024-09-04 12:35:25 Memory Usage: 297408 KB
2024-09-04 12:35:26 Memory Usage: 297408 KB
2024-09-04 12:35:27 Memory Usage: 297408 KB
2024-09-04 12:35:29 Memory Usage: 297408 KB
2024-09-04 12:35:30 Memory Usage: 297408 KB
2024-09-04 12:35:31 Memory Usage: 297408 KB
2024-09-04 12:35:32 Memory Usage: 297408 KB
2024-09-04 12:35:33 Memory Usage: 297408 KB
2024-09-04 12:35:34 Memory Usage: 297408 KB
2024-09-04 12:35:35 Memory Usage: 297408 KB
2024-09-04 12:35:36 Memory Usage: 297408 KB
2024-09-04 12:35:37 Memory Usage: 297408 KB
2024-09-04 12:35:38 Memory Usage: 297408 KB
2024-09-04 12:35:39 Memory Usage: 297408 KB
2024-09-04 12:35:41 Memory Usage: 297408 KB
2024-09-04 12:35:42 Memory Usage: 297408 KB
2024-09-04 12:35:43 Memory Usage: 297408 KB
2024-09-04 12:35:44 Memory Usage: 297408 KB
2024-09-04 12:35:45 Memory Usage: 297408 KB
2024-09-04 12:35:46 Memory Usage: 297408 KB
2024-09-04 12:35:47 Memory Usage: 297408 KB
2024-09-04 12:35:48 Memory Usage: 297408 KB
2024-09-04 12:35:49 Memory Usage: 297408 KB
2024-09-04 12:35:50 Memory Usage: 297408 KB
2024-09-04 12:35:52 Memory Usage: 297408 KB
2024-09-04 12:35:53 Memory Usage: 297408 KB
2024-09-04 12:35:54 Memory Usage: 297408 KB
2024-09-04 12:35:55 Memory Usage: 297408 KB
2024-09-04 12:35:56 Memory Usage: 297408 KB
2024-09-04 12:35:57 Memory Usage: 297408 KB
2024-09-04 12:35:58 Memory Usage: 297408 KB
2024-09-04 12:35:59 Memory Usage: 297408 KB
2024-09-04 12:36:00 Memory Usage: 297408 KB
2024-09-04 12:36:01 Memory Usage: 297408 KB
2024-09-04 12:36:03 Memory Usage: 297408 KB
2024-09-04 12:36:04 Memory Usage: 297408 KB
2024-09-04 12:36:05 Memory Usage: 297408 KB
2024-09-04 12:36:06 Memory Usage: 297408 KB
2024-09-04 12:36:07 Memory Usage: 297408 KB
2024-09-04 12:36:08 Memory Usage: 297408 KB
2024-09-04 12:36:09 Memory Usage: 297408 KB
2024-09-04 12:36:10 Memory Usage: 297408 KB
2024-09-04 12:36:11 Memory Usage: 297408 KB
2024-09-04 12:36:12 Memory Usage: 297408 KB
2024-09-04 12:36:14 Memory Usage: 297408 KB
2024-09-04 12:36:15 Memory Usage: 297408 KB
2024-09-04 12:36:16 Memory Usage: 297408 KB
2024-09-04 12:36:17 Memory Usage: 297408 KB
2024-09-04 12:36:18 Memory Usage: 297408 KB
2024-09-04 12:36:19 Memory Usage: 297408 KB
2024-09-04 12:36:20 Memory Usage: 297408 KB
2024-09-04 12:36:21 Memory Usage: 297408 KB
2024-09-04 12:36:22 Memory Usage: 297408 KB
2024-09-04 12:36:23 Memory Usage: 297408 KB
2024-09-04 12:36:25 Memory Usage: 297408 KB
2024-09-04 12:36:26 Memory Usage: 297408 KB
2024-09-04 12:36:27 Memory Usage: 297408 KB
2024-09-04 12:36:28 Memory Usage: 297408 KB
2024-09-04 12:36:29 Memory Usage: 297408 KB
2024-09-04 12:36:30 Memory Usage: 297408 KB
2024-09-04 12:36:31 Memory Usage: 297408 KB
2024-09-04 12:36:32 Memory Usage: 297408 KB
2024-09-04 12:36:33 Memory Usage: 297408 KB
2024-09-04 12:36:34 Memory Usage: 297408 KB
2024-09-04 12:36:36 Memory Usage: 297408 KB
2024-09-04 12:36:37 Memory Usage: 297408 KB
2024-09-04 12:36:38 Memory Usage: 297408 KB
2024-09-04 12:36:39 Memory Usage: 297408 KB
2024-09-04 12:36:40 Memory Usage: 297408 KB
2024-09-04 12:36:41 Memory Usage: 297408 KB
2024-09-04 12:36:42 Memory Usage: 297408 KB
2024-09-04 12:36:43 Memory Usage: 297408 KB
2024-09-04 12:36:44 Memory Usage: 297408 KB
2024-09-04 12:36:45 Memory Usage: 297408 KB
2024-09-04 12:36:47 Memory Usage: 297408 KB
2024-09-04 12:36:48 Memory Usage: 297408 KB
2024-09-04 12:36:49 Memory Usage: 297408 KB
2024-09-04 12:36:50 Memory Usage: 297408 KB
2024-09-04 12:36:51 Memory Usage: 297408 KB
2024-09-04 12:36:52 Memory Usage: 297408 KB
2024-09-04 12:36:53 Memory Usage: 297408 KB
2024-09-04 12:36:54 Memory Usage: 297408 KB
2024-09-04 12:36:55 Memory Usage: 297408 KB
2024-09-04 12:36:57 Memory Usage: 297408 KB
2024-09-04 12:36:58 Memory Usage: 297408 KB
2024-09-04 12:36:59 Memory Usage: 297408 KB
2024-09-04 12:37:00 Memory Usage: 297408 KB
2024-09-04 12:37:01 Memory Usage: 297408 KB
2024-09-04 12:37:02 Memory Usage: 297408 KB
2024-09-04 12:37:03 Memory Usage: 297408 KB
2024-09-04 12:37:04 Memory Usage: 297408 KB
2024-09-04 12:37:05 Memory Usage: 297408 KB
2024-09-04 12:37:06 Memory Usage: 297408 KB
2024-09-04 12:37:07 Memory Usage: 297408 KB
2024-09-04 12:37:09 Memory Usage: 297408 KB
2024-09-04 12:37:10 Memory Usage: 297408 KB
2024-09-04 12:37:11 Memory Usage: 297408 KB
2024-09-04 12:37:12 Memory Usage: 297408 KB
2024-09-04 12:37:13 Memory Usage: 297408 KB
2024-09-04 12:37:14 Memory Usage: 297408 KB
2024-09-04 12:37:15 Memory Usage: 297408 KB
2024-09-04 12:37:16 Memory Usage: 297408 KB
2024-09-04 12:37:17 Memory Usage: 297408 KB
2024-09-04 12:37:18 Memory Usage: 297408 KB
2024-09-04 12:37:20 Memory Usage: 297408 KB
2024-09-04 12:37:21 Memory Usage: 297408 KB
2024-09-04 12:37:22 Memory Usage: 297408 KB
2024-09-04 12:37:23 Memory Usage: 297408 KB
2024-09-04 12:37:24 Memory Usage: 297408 KB
2024-09-04 12:37:25 Memory Usage: 297408 KB
2024-09-04 12:37:26 Memory Usage: 297408 KB
2024-09-04 12:37:27 Memory Usage: 297408 KB
2024-09-04 12:37:28 Memory Usage: 297408 KB
2024-09-04 12:37:29 Memory Usage: 297408 KB
2024-09-04 12:37:31 Memory Usage: 297408 KB
2024-09-04 12:37:32 Memory Usage: 297408 KB
2024-09-04 12:37:33 Memory Usage: 297408 KB
2024-09-04 12:37:34 Memory Usage: 297408 KB
2024-09-04 12:37:35 Memory Usage: 297408 KB
2024-09-04 12:37:36 Memory Usage: 297408 KB
2024-09-04 12:37:37 Memory Usage: 297408 KB
2024-09-04 12:37:38 Memory Usage: 297408 KB
2024-09-04 12:37:39 Memory Usage: 297408 KB
2024-09-04 12:37:40 Memory Usage: 297408 KB
2024-09-04 12:37:41 Memory Usage: 297408 KB
2024-09-04 12:37:42 Memory Usage: 297408 KB
2024-09-04 12:37:44 Memory Usage: 297408 KB
2024-09-04 12:37:45 Memory Usage: 297408 KB
2024-09-04 12:37:46 Memory Usage: 297408 KB
2024-09-04 12:37:47 Memory Usage: 297408 KB
2024-09-04 12:37:48 Memory Usage: 297408 KB
2024-09-04 12:37:49 Memory Usage: 297408 KB
2024-09-04 12:37:50 Memory Usage: 297408 KB
2024-09-04 12:37:51 Memory Usage: 297408 KB
2024-09-04 12:37:52 Memory Usage: 297408 KB
2024-09-04 12:37:53 Memory Usage: 297408 KB
2024-09-04 12:37:55 Memory Usage: 297408 KB
2024-09-04 12:37:56 Memory Usage: 297408 KB
2024-09-04 12:37:57 Memory Usage: 297408 KB
2024-09-04 12:37:58 Memory Usage: 297408 KB
2024-09-04 12:37:59 Memory Usage: 297408 KB
2024-09-04 12:38:00 Memory Usage: 297408 KB
2024-09-04 12:38:01 Memory Usage: 297408 KB
2024-09-04 12:38:02 Memory Usage: 297408 KB
2024-09-04 12:38:03 Memory Usage: 297408 KB
2024-09-04 12:38:04 Memory Usage: 297408 KB
2024-09-04 12:38:05 Memory Usage: 297408 KB
2024-09-04 12:38:07 Memory Usage: 297408 KB
2024-09-04 12:38:08 Memory Usage: 297408 KB
2024-09-04 12:38:09 Memory Usage: 297408 KB
2024-09-04 12:38:10 Memory Usage: 297408 KB
2024-09-04 12:38:11 Memory Usage: 297408 KB
2024-09-04 12:38:12 Memory Usage: 297408 KB
2024-09-04 12:38:13 Memory Usage: 297408 KB
2024-09-04 12:38:14 Memory Usage: 297408 KB
2024-09-04 12:38:15 Memory Usage: 297408 KB
2024-09-04 12:38:16 Memory Usage: 297408 KB
2024-09-04 12:38:18 Memory Usage: 297408 KB
2024-09-04 12:38:19 Memory Usage: 297408 KB
2024-09-04 12:38:20 Memory Usage: 297408 KB
2024-09-04 12:38:21 Memory Usage: 297408 KB
2024-09-04 12:38:22 Memory Usage: 297408 KB
2024-09-04 12:38:23 Memory Usage: 297408 KB
2024-09-04 12:38:24 Memory Usage: 297408 KB
2024-09-04 12:38:25 Memory Usage: 297408 KB
2024-09-04 12:38:26 Memory Usage: 297408 KB
2024-09-04 12:38:27 Memory Usage: 297408 KB
2024-09-04 12:38:28 Memory Usage: 297408 KB
2024-09-04 12:38:30 Memory Usage: 297408 KB
2024-09-04 12:38:31 Memory Usage: 297408 KB
2024-09-04 12:38:32 Memory Usage: 297408 KB
2024-09-04 12:38:33 Memory Usage: 297408 KB
2024-09-04 12:38:34 Memory Usage: 297408 KB
2024-09-04 12:38:35 Memory Usage: 297408 KB
2024-09-04 12:38:36 Memory Usage: 297408 KB
2024-09-04 12:38:37 Memory Usage: 297408 KB
2024-09-04 12:38:38 Memory Usage: 297408 KB
2024-09-04 12:38:39 Memory Usage: 297408 KB
2024-09-04 12:38:40 Memory Usage: 297408 KB
2024-09-04 12:38:42 Memory Usage: 297408 KB
2024-09-04 12:38:43 Memory Usage: 297408 KB
2024-09-04 12:38:44 Memory Usage: 297408 KB
2024-09-04 12:38:45 Memory Usage: 297408 KB
2024-09-04 12:38:46 Memory Usage: 297408 KB
2024-09-04 12:38:47 Memory Usage: 297408 KB
2024-09-04 12:38:48 Memory Usage: 297408 KB
2024-09-04 12:38:49 Memory Usage: 297408 KB
2024-09-04 12:38:50 Memory Usage: 297408 KB
2024-09-04 12:38:51 Memory Usage: 297408 KB
2024-09-04 12:38:52 Memory Usage: 297408 KB
2024-09-04 12:38:54 Memory Usage: 297408 KB
2024-09-04 12:38:55 Memory Usage: 297408 KB
2024-09-04 12:38:56 Memory Usage: 297408 KB
2024-09-04 12:38:57 Memory Usage: 297408 KB
2024-09-04 12:38:58 Memory Usage: 297408 KB
2024-09-04 12:38:59 Memory Usage: 297408 KB
2024-09-04 12:39:00 Memory Usage: 297408 KB
2024-09-04 12:39:01 Memory Usage: 297408 KB
2024-09-04 12:39:02 Memory Usage: 297408 KB
2024-09-04 12:39:03 Memory Usage: 297408 KB
2024-09-04 12:39:04 Memory Usage: 297408 KB
2024-09-04 12:39:06 Memory Usage: 297408 KB
2024-09-04 12:39:07 Memory Usage: 297408 KB
2024-09-04 12:39:08 Memory Usage: 297408 KB
2024-09-04 12:39:09 Memory Usage: 297408 KB
2024-09-04 12:39:10 Memory Usage: 297408 KB
2024-09-04 12:39:11 Memory Usage: 297408 KB
2024-09-04 12:39:12 Memory Usage: 297408 KB
2024-09-04 12:39:13 Memory Usage: 297408 KB
2024-09-04 12:39:14 Memory Usage: 297408 KB
2024-09-04 12:39:15 Memory Usage: 297408 KB
2024-09-04 12:39:17 Memory Usage: 297408 KB
2024-09-04 12:39:18 Memory Usage: 297408 KB
2024-09-04 12:39:19 Memory Usage: 297408 KB
2024-09-04 12:39:20 Memory Usage: 297408 KB
2024-09-04 12:39:21 Memory Usage: 297408 KB
2024-09-04 12:39:22 Memory Usage: 297408 KB
2024-09-04 12:39:23 Memory Usage: 297408 KB
2024-09-04 12:39:24 Memory Usage: 297408 KB
2024-09-04 12:39:25 Memory Usage: 297408 KB
2024-09-04 12:39:26 Memory Usage: 297408 KB
2024-09-04 12:39:27 Memory Usage: 297408 KB
2024-09-04 12:39:28 Memory Usage: 297408 KB
match_single finished after 622.372s
2024-09-04 12:39:30 Memory Usage: 298564 KB
2024-09-04 12:39:31 Memory Usage: 298344 KB
2024-09-04 12:39:32 Memory Usage: 298344 KB
2024-09-04 12:39:33 Memory Usage: 298344 KB
2024-09-04 12:39:34 Memory Usage: 298344 KB
2024-09-04 12:39:35 Memory Usage: 298344 KB
2024-09-04 12:39:36 Memory Usage: 298344 KB
2024-09-04 12:39:37 Memory Usage: 298344 KB
2024-09-04 12:39:38 Memory Usage: 298344 KB
2024-09-04 12:39:39 Memory Usage: 298344 KB
2024-09-04 12:39:40 Memory Usage: 298344 KB
2024-09-04 12:39:42 Memory Usage: 298344 KB
2024-09-04 12:39:43 Memory Usage: 298344 KB
2024-09-04 12:39:44 Memory Usage: 298604 KB
2024-09-04 12:39:45 Memory Usage: 298604 KB
2024-09-04 12:39:46 Memory Usage: 298604 KB
2024-09-04 12:39:47 Memory Usage: 298604 KB
2024-09-04 12:39:48 Memory Usage: 298604 KB
2024-09-04 12:39:49 Memory Usage: 298604 KB
2024-09-04 12:39:50 Memory Usage: 298604 KB
2024-09-04 12:39:51 Memory Usage: 298604 KB
2024-09-04 12:39:52 Memory Usage: 298604 KB
2024-09-04 12:39:54 Memory Usage: 298604 KB
2024-09-04 12:39:55 Memory Usage: 298604 KB
2024-09-04 12:39:56 Memory Usage: 298604 KB
2024-09-04 12:39:57 Memory Usage: 298604 KB
2024-09-04 12:39:58 Memory Usage: 298604 KB
2024-09-04 12:39:59 Memory Usage: 298604 KB
2024-09-04 12:40:00 Memory Usage: 298604 KB
2024-09-04 12:40:01 Memory Usage: 298604 KB
2024-09-04 12:40:02 Memory Usage: 298604 KB
2024-09-04 12:40:03 Memory Usage: 298604 KB
2024-09-04 12:40:04 Memory Usage: 298604 KB
2024-09-04 12:40:06 Memory Usage: 298604 KB
2024-09-04 12:40:07 Memory Usage: 298604 KB
2024-09-04 12:40:08 Memory Usage: 298604 KB
2024-09-04 12:40:09 Memory Usage: 298604 KB
2024-09-04 12:40:10 Memory Usage: 298604 KB
2024-09-04 12:40:11 Memory Usage: 298604 KB
2024-09-04 12:40:12 Memory Usage: 298604 KB
match_ector finished after 43.3471s
pattern matching level 2 time 665.737s
pattern extension level 2 time 0.004725s
16 frequent patterns: 
[1,32-2,36][1,32-3,37][2,36-4,31]: 25350
[1,32-2,36][1,32-3,37][2,36-4,30]: 24426
[1,32-2,36][1,32-3,37][2,36-4,32]: 24862
[1,32-2,36][1,32-3,37][2,36-4,33]: 24890
[1,32-2,36][1,32-3,37][3,37-4,31]: 25070
[1,32-2,36][1,32-3,37][3,37-4,34]: 24271
[1,32-2,36][1,32-3,37][3,37-4,33]: 25507
[1,32-2,36][2,36-3,33][3,33-4,37]: 25440
[1,33-2,37][1,33-3,36][2,37-4,31]: 24347
[1,33-2,37][1,33-3,36][2,37-4,34]: 25503
[1,33-2,37][1,33-3,36][2,37-4,32]: 25515
[1,33-2,37][1,33-3,36][2,37-4,33]: 24567
[1,33-2,37][1,33-3,36][3,36-4,31]: 24186
[1,33-2,37][2,37-3,34][3,34-4,36]: 24733
[1,34-2,36][1,34-3,37][3,37-4,34]: 24791
[1,34-2,37][1,34-3,37][2,37-4,34]: 24393
finished in 1091.23s
