3-FSM with threshold 20000
init pattern generation time 1.3e-05s
match_multi finished after 1.10921s
init pattern matching time 1.19452s
pattern extension level 0 time 0.019723s
match_single finished after 546.548s
match_ector finished after 28.7495s
pattern matching level 1 time 575.317s
pattern extension level 1 time 0.062774s
match_single finished after 2483.37s
match_ector finished after 128.718s
pattern matching level 2 time 2612.15s
pattern extension level 2 time 0.036892s
138 frequent patterns: 
[1,31-2,35][1,31-3,36][1,31-4,37]: 20287
[1,31-2,35][1,31-3,36][2,35-4,30]: 20847
[1,31-2,35][1,31-3,36][2,35-4,32]: 20608
[1,31-2,35][1,31-3,36][3,36-4,31]: 22073
[1,31-2,35][1,31-3,36][3,36-4,33]: 20416
[1,31-2,35][1,31-3,36][3,36-4,30]: 21552
[1,31-2,35][1,31-3,36][3,36-4,29]: 20554
[1,31-2,35][1,31-3,36][3,36-4,32]: 21697
[1,31-2,35][1,31-3,37][3,37-4,31]: 20265
[1,31-2,35][1,31-3,37][3,37-4,33]: 20208
[1,31-2,35][1,31-3,37][3,37-4,30]: 20008
[1,31-2,35][1,31-3,37][3,37-4,32]: 20828
[1,31-2,35][2,35-3,32][3,32-4,36]: 21295
[1,31-2,35][2,35-3,32][3,32-4,37]: 20685
[1,32-2,36][1,32-3,34][2,36-4,32]: 20663
[1,32-2,36][1,32-3,35][1,32-4,37]: 21264
[1,32-2,36][1,32-3,35][2,36-4,31]: 22387
[1,32-2,36][1,32-3,35][2,36-4,33]: 21979
[1,32-2,36][1,32-3,35][2,36-4,30]: 21528
[1,32-2,36][1,32-3,35][2,36-4,29]: 20320
[1,32-2,36][1,32-3,35][2,36-4,32]: 23038
[1,32-2,36][1,32-3,36][1,32-4,37]: 20008
[1,32-2,36][1,32-3,36][2,36-4,31]: 22665
[1,32-2,36][1,32-3,36][2,36-4,34]: 20575
[1,32-2,36][1,32-3,36][2,36-4,33]: 22421
[1,32-2,36][1,32-3,36][2,36-4,30]: 21978
[1,32-2,36][1,32-3,36][2,36-4,29]: 20950
[1,32-2,36][1,32-3,36][2,36-4,32]: 23112
[1,32-2,36][1,32-3,37][2,36-4,31]: 25350
[1,32-2,36][1,32-3,37][2,36-4,34]: 22158
[1,32-2,36][1,32-3,37][2,36-4,33]: 24890
[1,32-2,36][1,32-3,37][2,36-4,30]: 24426
[1,32-2,36][1,32-3,37][2,36-4,29]: 23085
[1,32-2,36][1,32-3,37][2,36-4,32]: 24862
[1,32-2,36][1,32-3,37][2,36-4,28]: 20538
[1,32-2,36][1,32-3,37][2,36-4,27]: 20193
[1,32-2,36][1,32-3,37][3,37-4,31]: 25070
[1,32-2,36][1,32-3,37][3,37-4,35]: 20923
[1,32-2,36][1,32-3,37][3,37-4,34]: 24271
[1,32-2,36][1,32-3,37][3,37-4,33]: 25507
[1,32-2,36][1,32-3,37][3,37-4,30]: 23993
[1,32-2,36][1,32-3,37][3,37-4,29]: 22463
[1,32-2,36][1,32-3,37][3,37-4,32]: 23748
[1,32-2,36][2,36-3,34][3,34-4,37]: 22830
[1,32-2,36][2,36-3,33][2,36-4,31]: 21026
[1,32-2,36][2,36-3,33][3,33-4,36]: 21734
[1,32-2,36][2,36-3,33][3,33-4,37]: 25440
[1,32-2,36][2,36-3,30][2,36-4,31]: 20810
[1,32-2,36][2,36-3,30][3,30-4,37]: 20784
[1,32-2,36][2,36-3,31][3,31-4,36]: 21059
[1,32-2,36][2,36-3,31][3,31-4,34]: 20879
[1,32-2,36][2,36-3,31][3,31-4,37]: 23382
[1,27-2,36][2,36-3,31][3,31-4,37]: 20241
[1,30-2,35][1,30-3,36][3,36-4,31]: 20167
[1,30-2,35][1,30-3,36][3,36-4,30]: 20048
[1,33-2,37][1,33-3,35][2,37-4,33]: 20272
[1,33-2,37][1,33-3,36][1,33-4,37]: 20168
[1,33-2,37][1,33-3,36][2,37-4,31]: 24347
[1,33-2,37][1,33-3,36][2,37-4,35]: 22114
[1,33-2,37][1,33-3,36][2,37-4,34]: 25503
[1,33-2,37][1,33-3,36][2,37-4,33]: 24567
[1,33-2,37][1,33-3,36][2,37-4,30]: 23252
[1,33-2,37][1,33-3,36][2,37-4,29]: 21528
[1,33-2,37][1,33-3,36][2,37-4,32]: 25515
[1,33-2,37][1,33-3,36][3,36-4,31]: 24186
[1,33-2,37][1,33-3,36][3,36-4,34]: 23548
[1,33-2,37][1,33-3,36][3,36-4,33]: 23594
[1,33-2,37][1,33-3,36][3,36-4,30]: 23239
[1,33-2,37][1,33-3,36][3,36-4,29]: 21419
[1,33-2,37][1,33-3,37][2,37-4,31]: 22469
[1,33-2,37][1,33-3,37][2,37-4,35]: 21023
[1,33-2,37][1,33-3,37][2,37-4,34]: 23171
[1,33-2,37][1,33-3,37][2,37-4,33]: 23664
[1,33-2,37][1,33-3,37][2,37-4,30]: 21628
[1,33-2,37][1,33-3,37][2,37-4,29]: 20612
[1,33-2,37][1,33-3,37][2,37-4,32]: 23214
[1,33-2,37][2,37-3,34][2,37-4,32]: 22273
[1,33-2,37][2,37-3,34][3,34-4,36]: 24733
[1,33-2,37][2,37-3,34][3,34-4,37]: 23965
[1,33-2,37][2,37-3,30][3,30-4,36]: 20212
[1,33-2,37][2,37-3,31][2,37-4,32]: 21126
[1,33-2,37][2,37-3,31][3,31-4,36]: 22770
[1,33-2,37][2,37-3,32][3,32-4,35]: 21621
[1,33-2,37][2,37-3,32][3,32-4,37]: 22349
[1,34-2,36][1,34-3,37][2,36-4,31]: 21411
[1,34-2,36][1,34-3,37][2,36-4,34]: 20292
[1,34-2,36][1,34-3,37][2,36-4,33]: 23581
[1,34-2,36][1,34-3,37][3,37-4,31]: 22598
[1,34-2,36][1,34-3,37][3,37-4,35]: 22778
[1,34-2,36][1,34-3,37][3,37-4,34]: 24791
[1,34-2,36][1,34-3,37][3,37-4,30]: 21161
[1,34-2,36][1,34-3,37][3,37-4,32]: 23761
[1,34-2,36][2,36-3,33][3,33-4,36]: 20603
[1,29-2,36][2,36-3,30][3,30-4,37]: 20594
[1,29-2,36][2,36-3,31][3,31-4,36]: 20029
[1,29-2,36][2,36-3,31][3,31-4,37]: 22026
[1,30-2,37][1,30-3,36][2,37-4,31]: 20890
[1,30-2,37][1,30-3,36][2,37-4,29]: 20181
[1,30-2,37][1,30-3,36][2,37-4,32]: 20946
[1,30-2,37][1,30-3,36][3,36-4,31]: 21204
[1,30-2,37][1,30-3,36][3,36-4,30]: 20353
[1,30-2,37][2,37-3,34][3,34-4,37]: 21168
[1,30-2,37][2,37-3,31][3,31-4,36]: 22546
[1,30-2,37][2,37-3,32][3,32-4,35]: 20341
[1,30-2,37][2,37-3,32][3,32-4,37]: 21256
[1,31-2,37][1,31-3,36][2,37-4,31]: 21009
[1,31-2,37][1,31-3,36][2,37-4,34]: 21504
[1,31-2,37][1,31-3,36][2,37-4,29]: 21558
[1,31-2,37][1,31-3,36][2,37-4,32]: 23449
[1,31-2,37][1,31-3,36][3,36-4,31]: 22679
[1,31-2,37][1,31-3,36][3,36-4,33]: 22035
[1,31-2,37][1,31-3,36][3,36-4,30]: 23222
[1,31-2,37][1,31-3,36][3,36-4,28]: 20606
[1,31-2,37][1,31-3,37][2,37-4,31]: 20106
[1,31-2,37][1,31-3,37][2,37-4,32]: 20183
[1,31-2,37][2,37-3,34][3,34-4,37]: 22296
[1,31-2,37][2,37-3,32][3,32-4,35]: 21319
[1,31-2,37][2,37-3,32][3,32-4,37]: 21883
[1,31-2,36][1,31-3,34][2,36-4,31]: 21140
[1,31-2,36][1,31-3,34][2,36-4,30]: 20693
[1,31-2,36][1,31-3,36][2,36-4,31]: 21290
[1,31-2,36][1,31-3,36][2,36-4,33]: 20086
[1,31-2,36][1,31-3,36][2,36-4,30]: 20747
[1,31-2,36][2,36-3,33][3,33-4,36]: 20922
[1,31-2,36][2,36-3,30][3,30-4,34]: 20013
[1,32-2,35][1,32-3,37][3,37-4,34]: 20626
[1,32-2,35][1,32-3,37][3,37-4,32]: 22057
[1,30-2,34][2,34-3,37][3,37-4,34]: 20323
[1,34-2,37][1,34-3,37][2,37-4,35]: 22553
[1,34-2,37][1,34-3,37][2,37-4,34]: 24393
[1,34-2,37][1,34-3,37][2,37-4,29]: 20025
[1,34-2,37][1,34-3,37][2,37-4,32]: 23315
[1,34-2,37][1,34-3,31][2,37-4,34]: 20340
[1,34-2,37][2,37-3,32][3,32-4,37]: 21677
[1,33-2,36][1,33-3,36][2,36-4,33]: 21963
[1,33-2,36][1,33-3,36][2,36-4,30]: 20277
[1,29-2,37][2,37-3,32][3,32-4,37]: 20421
[1,32-2,37][1,32-3,37][2,37-4,32]: 22642
finished in 3188.81s
