3-FSM with threshold 600
2024-09-18 11:41:41 Memory Usage: 16628 KB
Data graph size |V| = 3774768 |E| = 16518947
init pattern generation time 6e-06s
2024-09-18 11:41:44 Memory Usage: 4518812 KB
2024-09-18 11:41:47 Memory Usage: 5409976 KB
2024-09-18 11:41:50 Memory Usage: 5857576 KB
2024-09-18 11:41:53 Memory Usage: 6172496 KB
2024-09-18 11:41:56 Memory Usage: 6436700 KB
2024-09-18 11:41:59 Memory Usage: 6632584 KB
2024-09-18 11:42:02 Memory Usage: 7554060 KB
Initial unlabeled pattern size: 1
match_multi: Matching pattern from patterns
match_multi: Done matching pattern from patterns
match_multi finished after 21.6521s
2024-09-18 11:42:05 Memory Usage: 6991992 KB
2024-09-18 11:42:08 Memory Usage: 5613720 KB
2024-09-18 11:42:11 Memory Usage: 5185204 KB
init pattern matching time 31.9209s
2024-09-18 11:42:14 Memory Usage: 4948672 KB
2024-09-18 11:42:17 Memory Usage: 4948672 KB
2024-09-18 11:42:20 Memory Usage: 4948672 KB
2024-09-18 11:42:23 Memory Usage: 4948672 KB
2024-09-18 11:42:26 Memory Usage: 4948672 KB
2024-09-18 11:42:29 Memory Usage: 4948672 KB
2024-09-18 11:42:32 Memory Usage: 4948672 KB
2024-09-18 11:42:35 Memory Usage: 4948672 KB
2024-09-18 11:42:38 Memory Usage: 4948672 KB
2024-09-18 11:42:41 Memory Usage: 4948672 KB
2024-09-18 11:42:44 Memory Usage: 4948672 KB
2024-09-18 11:42:47 Memory Usage: 4948672 KB
2024-09-18 11:42:50 Memory Usage: 4948672 KB
2024-09-18 11:42:53 Memory Usage: 4948672 KB
2024-09-18 11:42:56 Memory Usage: 4948672 KB
2024-09-18 11:42:59 Memory Usage: 4948672 KB
2024-09-18 11:43:02 Memory Usage: 4948672 KB
2024-09-18 11:43:05 Memory Usage: 4948672 KB
2024-09-18 11:43:08 Memory Usage: 4948672 KB
2024-09-18 11:43:11 Memory Usage: 4948672 KB
2024-09-18 11:43:15 Memory Usage: 4948672 KB
Initial discovery pattern size: 1593476
Initial frequent pattern size: 938
pattern extension level 0 time 62.6117s
2024-09-18 11:43:18 Memory Usage: 4948672 KB
2024-09-18 11:43:21 Memory Usage: 4948672 KB
2024-09-18 11:43:24 Memory Usage: 4948672 KB
2024-09-18 11:43:27 Memory Usage: 4948672 KB
2024-09-18 11:43:30 Memory Usage: 4948672 KB
2024-09-18 11:43:33 Memory Usage: 4948672 KB
2024-09-18 11:43:36 Memory Usage: 4948672 KB
2024-09-18 11:43:39 Memory Usage: 4948672 KB
2024-09-18 11:43:42 Memory Usage: 4948672 KB
2024-09-18 11:43:45 Memory Usage: 4948672 KB
2024-09-18 11:43:48 Memory Usage: 4948672 KB
2024-09-18 11:43:52 Memory Usage: 4948672 KB
2024-09-18 11:43:55 Memory Usage: 4948672 KB
2024-09-18 11:43:58 Memory Usage: 4948672 KB
2024-09-18 11:44:01 Memory Usage: 4948672 KB
2024-09-18 11:44:04 Memory Usage: 4948672 KB
2024-09-18 11:44:07 Memory Usage: 4948672 KB
2024-09-18 11:44:10 Memory Usage: 4948672 KB
2024-09-18 11:44:13 Memory Usage: 4948672 KB
2024-09-18 11:44:16 Memory Usage: 4948672 KB
2024-09-18 11:44:19 Memory Usage: 4948672 KB
2024-09-18 11:44:23 Memory Usage: 4948672 KB
2024-09-18 11:44:26 Memory Usage: 4948672 KB
2024-09-18 11:44:29 Memory Usage: 4948672 KB
2024-09-18 11:44:32 Memory Usage: 4948672 KB
2024-09-18 11:44:35 Memory Usage: 4948672 KB
2024-09-18 11:44:38 Memory Usage: 4948672 KB
2024-09-18 11:44:41 Memory Usage: 4948672 KB
2024-09-18 11:44:44 Memory Usage: 4948672 KB
2024-09-18 11:44:47 Memory Usage: 4948672 KB
2024-09-18 11:44:50 Memory Usage: 4948672 KB
2024-09-18 11:44:53 Memory Usage: 4948672 KB
2024-09-18 11:44:57 Memory Usage: 4948672 KB
2024-09-18 11:45:00 Memory Usage: 4948672 KB
2024-09-18 11:45:03 Memory Usage: 4948672 KB
2024-09-18 11:45:06 Memory Usage: 4948672 KB
2024-09-18 11:45:09 Memory Usage: 4948672 KB
2024-09-18 11:45:12 Memory Usage: 4948672 KB
2024-09-18 11:45:15 Memory Usage: 4948672 KB
2024-09-18 11:45:18 Memory Usage: 4948672 KB
2024-09-18 11:45:21 Memory Usage: 4948672 KB
2024-09-18 11:45:24 Memory Usage: 4948672 KB
2024-09-18 11:45:28 Memory Usage: 4948672 KB
2024-09-18 11:45:31 Memory Usage: 4948672 KB
2024-09-18 11:45:34 Memory Usage: 4948672 KB
2024-09-18 11:45:37 Memory Usage: 4948672 KB
2024-09-18 11:45:40 Memory Usage: 4948672 KB
2024-09-18 11:45:43 Memory Usage: 4948672 KB
2024-09-18 11:45:46 Memory Usage: 4948672 KB
2024-09-18 11:45:49 Memory Usage: 4948672 KB
2024-09-18 11:45:52 Memory Usage: 4948672 KB
2024-09-18 11:45:55 Memory Usage: 4948672 KB
2024-09-18 11:45:59 Memory Usage: 4948672 KB
2024-09-18 11:46:02 Memory Usage: 4948672 KB
2024-09-18 11:46:05 Memory Usage: 4948672 KB
2024-09-18 11:46:08 Memory Usage: 4948672 KB
2024-09-18 11:46:11 Memory Usage: 4948672 KB
2024-09-18 11:46:14 Memory Usage: 4948672 KB
2024-09-18 11:46:17 Memory Usage: 4948672 KB
2024-09-18 11:46:20 Memory Usage: 4948672 KB
2024-09-18 11:46:23 Memory Usage: 4948672 KB
2024-09-18 11:46:26 Memory Usage: 4948672 KB
2024-09-18 11:46:30 Memory Usage: 4948672 KB
2024-09-18 11:46:33 Memory Usage: 4948672 KB
2024-09-18 11:46:36 Memory Usage: 4948672 KB
2024-09-18 11:46:39 Memory Usage: 4948672 KB
2024-09-18 11:46:42 Memory Usage: 4948672 KB
2024-09-18 11:46:45 Memory Usage: 4948672 KB
2024-09-18 11:46:48 Memory Usage: 4948672 KB
2024-09-18 11:46:51 Memory Usage: 4948672 KB
2024-09-18 11:46:54 Memory Usage: 4948672 KB
2024-09-18 11:46:57 Memory Usage: 4948672 KB
2024-09-18 11:47:00 Memory Usage: 4948672 KB
2024-09-18 11:47:04 Memory Usage: 4948672 KB
2024-09-18 11:47:07 Memory Usage: 4948672 KB
2024-09-18 11:47:10 Memory Usage: 4948672 KB
2024-09-18 11:47:13 Memory Usage: 4948672 KB
2024-09-18 11:47:16 Memory Usage: 4948672 KB
2024-09-18 11:47:19 Memory Usage: 4948672 KB
2024-09-18 11:47:22 Memory Usage: 4948672 KB
2024-09-18 11:47:25 Memory Usage: 4948672 KB
2024-09-18 11:47:28 Memory Usage: 4948672 KB
2024-09-18 11:47:31 Memory Usage: 4948672 KB
2024-09-18 11:47:34 Memory Usage: 4948672 KB
2024-09-18 11:47:38 Memory Usage: 4948672 KB
2024-09-18 11:47:41 Memory Usage: 4948672 KB
2024-09-18 11:47:44 Memory Usage: 4948672 KB
2024-09-18 11:47:47 Memory Usage: 4948672 KB
2024-09-18 11:47:50 Memory Usage: 4948672 KB
2024-09-18 11:47:53 Memory Usage: 4948672 KB
2024-09-18 11:47:56 Memory Usage: 4948672 KB
2024-09-18 11:47:59 Memory Usage: 4948672 KB
2024-09-18 11:48:02 Memory Usage: 4948672 KB
2024-09-18 11:48:06 Memory Usage: 4948672 KB
2024-09-18 11:48:09 Memory Usage: 4948672 KB
2024-09-18 11:48:12 Memory Usage: 4948672 KB
2024-09-18 11:48:15 Memory Usage: 4948672 KB
2024-09-18 11:48:18 Memory Usage: 4948672 KB
2024-09-18 11:48:21 Memory Usage: 4948672 KB
2024-09-18 11:48:24 Memory Usage: 4948672 KB
2024-09-18 11:48:27 Memory Usage: 4948672 KB
2024-09-18 11:48:30 Memory Usage: 4948672 KB
2024-09-18 11:48:33 Memory Usage: 4948672 KB
2024-09-18 11:48:36 Memory Usage: 4948672 KB
2024-09-18 11:48:40 Memory Usage: 4948672 KB
2024-09-18 11:48:43 Memory Usage: 4948672 KB
2024-09-18 11:48:46 Memory Usage: 4948672 KB
2024-09-18 11:48:49 Memory Usage: 4948672 KB
2024-09-18 11:48:52 Memory Usage: 4948672 KB
2024-09-18 11:48:55 Memory Usage: 4948672 KB
2024-09-18 11:48:58 Memory Usage: 4948672 KB
2024-09-18 11:49:01 Memory Usage: 4948672 KB
2024-09-18 11:49:04 Memory Usage: 4948672 KB
2024-09-18 11:49:07 Memory Usage: 4948672 KB
2024-09-18 11:49:11 Memory Usage: 4948672 KB
2024-09-18 11:49:14 Memory Usage: 4948672 KB
2024-09-18 11:49:17 Memory Usage: 4948672 KB
2024-09-18 11:49:20 Memory Usage: 4948672 KB
2024-09-18 11:49:23 Memory Usage: 4948672 KB
2024-09-18 11:49:26 Memory Usage: 4948672 KB
2024-09-18 11:49:29 Memory Usage: 4948672 KB
2024-09-18 11:49:32 Memory Usage: 4948672 KB
2024-09-18 11:49:35 Memory Usage: 4948672 KB
2024-09-18 11:49:38 Memory Usage: 4948672 KB
2024-09-18 11:49:42 Memory Usage: 4948672 KB
2024-09-18 11:49:45 Memory Usage: 4948672 KB
2024-09-18 11:49:48 Memory Usage: 4948672 KB
2024-09-18 11:49:51 Memory Usage: 4948672 KB
2024-09-18 11:49:54 Memory Usage: 4948672 KB
2024-09-18 11:49:57 Memory Usage: 4948672 KB
2024-09-18 11:50:00 Memory Usage: 4948672 KB
2024-09-18 11:50:03 Memory Usage: 4948672 KB
2024-09-18 11:50:06 Memory Usage: 4948672 KB
2024-09-18 11:50:09 Memory Usage: 4948672 KB
2024-09-18 11:50:12 Memory Usage: 4948672 KB
2024-09-18 11:50:16 Memory Usage: 4948672 KB
2024-09-18 11:50:19 Memory Usage: 4948672 KB
2024-09-18 11:50:22 Memory Usage: 4948672 KB
2024-09-18 11:50:25 Memory Usage: 4948672 KB
2024-09-18 11:50:28 Memory Usage: 4948672 KB
2024-09-18 11:50:31 Memory Usage: 4948672 KB
2024-09-18 11:50:34 Memory Usage: 4948672 KB
2024-09-18 11:50:37 Memory Usage: 4948672 KB
2024-09-18 11:50:40 Memory Usage: 4948672 KB
2024-09-18 11:50:43 Memory Usage: 4948672 KB
2024-09-18 11:50:47 Memory Usage: 4948672 KB
2024-09-18 11:50:50 Memory Usage: 4948672 KB
2024-09-18 11:50:53 Memory Usage: 4948672 KB
2024-09-18 11:50:56 Memory Usage: 4948672 KB
2024-09-18 11:50:59 Memory Usage: 4948672 KB
2024-09-18 11:51:02 Memory Usage: 4948672 KB
2024-09-18 11:51:05 Memory Usage: 4948672 KB
2024-09-18 11:51:08 Memory Usage: 4948672 KB
2024-09-18 11:51:11 Memory Usage: 4948672 KB
2024-09-18 11:51:14 Memory Usage: 4948672 KB
2024-09-18 11:51:18 Memory Usage: 4948672 KB
2024-09-18 11:51:21 Memory Usage: 4948672 KB
2024-09-18 11:51:24 Memory Usage: 4948672 KB
2024-09-18 11:51:27 Memory Usage: 4948672 KB
2024-09-18 11:51:30 Memory Usage: 4948672 KB
2024-09-18 11:51:33 Memory Usage: 4948672 KB
2024-09-18 11:51:36 Memory Usage: 4948672 KB
2024-09-18 11:51:39 Memory Usage: 4948672 KB
2024-09-18 11:51:42 Memory Usage: 4948672 KB
2024-09-18 11:51:45 Memory Usage: 4948672 KB
2024-09-18 11:51:48 Memory Usage: 4948672 KB
2024-09-18 11:51:52 Memory Usage: 4948672 KB
2024-09-18 11:51:55 Memory Usage: 4948672 KB
2024-09-18 11:51:58 Memory Usage: 4948672 KB
2024-09-18 11:52:01 Memory Usage: 4948672 KB
2024-09-18 11:52:04 Memory Usage: 4948672 KB
2024-09-18 11:52:07 Memory Usage: 4948672 KB
2024-09-18 11:52:10 Memory Usage: 4948672 KB
2024-09-18 11:52:13 Memory Usage: 4948672 KB
2024-09-18 11:52:16 Memory Usage: 4948672 KB
2024-09-18 11:52:19 Memory Usage: 4948672 KB
2024-09-18 11:52:23 Memory Usage: 4948672 KB
2024-09-18 11:52:26 Memory Usage: 4948672 KB
2024-09-18 11:52:29 Memory Usage: 4948672 KB
2024-09-18 11:52:32 Memory Usage: 4948672 KB
2024-09-18 11:52:35 Memory Usage: 4948672 KB
2024-09-18 11:52:38 Memory Usage: 4948672 KB
2024-09-18 11:52:41 Memory Usage: 4948672 KB
2024-09-18 11:52:44 Memory Usage: 4948672 KB
2024-09-18 11:52:47 Memory Usage: 4948672 KB
2024-09-18 11:52:50 Memory Usage: 4948672 KB
2024-09-18 11:52:54 Memory Usage: 4948672 KB
2024-09-18 11:52:57 Memory Usage: 4948672 KB
2024-09-18 11:53:00 Memory Usage: 4948672 KB
2024-09-18 11:53:03 Memory Usage: 4948672 KB
2024-09-18 11:53:06 Memory Usage: 4948672 KB
2024-09-18 11:53:09 Memory Usage: 4948672 KB
2024-09-18 11:53:12 Memory Usage: 4948672 KB
2024-09-18 11:53:15 Memory Usage: 4948672 KB
2024-09-18 11:53:18 Memory Usage: 4948672 KB
2024-09-18 11:53:21 Memory Usage: 4948672 KB
2024-09-18 11:53:25 Memory Usage: 4948672 KB
2024-09-18 11:53:28 Memory Usage: 4948672 KB
2024-09-18 11:53:31 Memory Usage: 4948672 KB
2024-09-18 11:53:34 Memory Usage: 4948672 KB
2024-09-18 11:53:37 Memory Usage: 4948672 KB
2024-09-18 11:53:40 Memory Usage: 4948672 KB
2024-09-18 11:53:43 Memory Usage: 4948672 KB
2024-09-18 11:53:46 Memory Usage: 4948672 KB
2024-09-18 11:53:49 Memory Usage: 4948672 KB
2024-09-18 11:53:52 Memory Usage: 4948672 KB
2024-09-18 11:53:55 Memory Usage: 4948672 KB
2024-09-18 11:53:59 Memory Usage: 4948672 KB
2024-09-18 11:54:02 Memory Usage: 4948672 KB
2024-09-18 11:54:05 Memory Usage: 4948672 KB
2024-09-18 11:54:08 Memory Usage: 4948672 KB
2024-09-18 11:54:11 Memory Usage: 4948672 KB
2024-09-18 11:54:14 Memory Usage: 4948672 KB
2024-09-18 11:54:17 Memory Usage: 4948672 KB
2024-09-18 11:54:20 Memory Usage: 4948672 KB
2024-09-18 11:54:23 Memory Usage: 4948672 KB
2024-09-18 11:54:26 Memory Usage: 4948672 KB
2024-09-18 11:54:30 Memory Usage: 4948672 KB
2024-09-18 11:54:33 Memory Usage: 4948672 KB
2024-09-18 11:54:36 Memory Usage: 4948672 KB
2024-09-18 11:54:39 Memory Usage: 4948672 KB
2024-09-18 11:54:42 Memory Usage: 4948672 KB
2024-09-18 11:54:45 Memory Usage: 4948672 KB
2024-09-18 11:54:48 Memory Usage: 4948672 KB
2024-09-18 11:54:51 Memory Usage: 4948672 KB
2024-09-18 11:54:54 Memory Usage: 4948672 KB
2024-09-18 11:54:57 Memory Usage: 4948672 KB
2024-09-18 11:55:00 Memory Usage: 4948672 KB
2024-09-18 11:55:04 Memory Usage: 4948672 KB
2024-09-18 11:55:07 Memory Usage: 4948672 KB
2024-09-18 11:55:10 Memory Usage: 4948672 KB
2024-09-18 11:55:13 Memory Usage: 4948672 KB
2024-09-18 11:55:16 Memory Usage: 4948672 KB
2024-09-18 11:55:19 Memory Usage: 4948672 KB
2024-09-18 11:55:22 Memory Usage: 4948672 KB
2024-09-18 11:55:25 Memory Usage: 4948672 KB
2024-09-18 11:55:28 Memory Usage: 4948672 KB
2024-09-18 11:55:31 Memory Usage: 4948672 KB
2024-09-18 11:55:35 Memory Usage: 4948672 KB
2024-09-18 11:55:38 Memory Usage: 4948672 KB
2024-09-18 11:55:41 Memory Usage: 4948672 KB
2024-09-18 11:55:44 Memory Usage: 4948672 KB
2024-09-18 11:55:47 Memory Usage: 4948672 KB
2024-09-18 11:55:50 Memory Usage: 4948672 KB
2024-09-18 11:55:53 Memory Usage: 4948672 KB
2024-09-18 11:55:56 Memory Usage: 4948672 KB
2024-09-18 11:55:59 Memory Usage: 4948672 KB
2024-09-18 11:56:02 Memory Usage: 4948672 KB
2024-09-18 11:56:06 Memory Usage: 4948672 KB
2024-09-18 11:56:09 Memory Usage: 4948672 KB
2024-09-18 11:56:12 Memory Usage: 4948672 KB
2024-09-18 11:56:15 Memory Usage: 4948672 KB
2024-09-18 11:56:18 Memory Usage: 4948672 KB
2024-09-18 11:56:21 Memory Usage: 4948672 KB
2024-09-18 11:56:24 Memory Usage: 4948672 KB
2024-09-18 11:56:27 Memory Usage: 4948672 KB
2024-09-18 11:56:30 Memory Usage: 4948672 KB
2024-09-18 11:56:33 Memory Usage: 4948672 KB
2024-09-18 11:56:36 Memory Usage: 4948672 KB
2024-09-18 11:56:40 Memory Usage: 4948672 KB
2024-09-18 11:56:43 Memory Usage: 4948672 KB
2024-09-18 11:56:46 Memory Usage: 4948672 KB
2024-09-18 11:56:49 Memory Usage: 4948672 KB
2024-09-18 11:56:52 Memory Usage: 4948672 KB
2024-09-18 11:56:55 Memory Usage: 4948672 KB
2024-09-18 11:56:58 Memory Usage: 4948672 KB
2024-09-18 11:57:01 Memory Usage: 4948672 KB
2024-09-18 11:57:04 Memory Usage: 4948672 KB
2024-09-18 11:57:07 Memory Usage: 4948672 KB
2024-09-18 11:57:11 Memory Usage: 4948672 KB
2024-09-18 11:57:14 Memory Usage: 4948672 KB
2024-09-18 11:57:17 Memory Usage: 4948672 KB
2024-09-18 11:57:20 Memory Usage: 4948672 KB
2024-09-18 11:57:23 Memory Usage: 4948672 KB
2024-09-18 11:57:26 Memory Usage: 4948672 KB
2024-09-18 11:57:29 Memory Usage: 4948672 KB
2024-09-18 11:57:32 Memory Usage: 4948672 KB
2024-09-18 11:57:35 Memory Usage: 4948672 KB
2024-09-18 11:57:38 Memory Usage: 4948672 KB
2024-09-18 11:57:42 Memory Usage: 4948672 KB
2024-09-18 11:57:45 Memory Usage: 4948672 KB
2024-09-18 11:57:48 Memory Usage: 4948672 KB
2024-09-18 11:57:51 Memory Usage: 4948672 KB
2024-09-18 11:57:54 Memory Usage: 4948672 KB
2024-09-18 11:57:57 Memory Usage: 4948672 KB
2024-09-18 11:58:00 Memory Usage: 4948672 KB
2024-09-18 11:58:03 Memory Usage: 4948672 KB
2024-09-18 11:58:06 Memory Usage: 4948672 KB
2024-09-18 11:58:09 Memory Usage: 4948672 KB
2024-09-18 11:58:13 Memory Usage: 4948672 KB
2024-09-18 11:58:16 Memory Usage: 4948672 KB
2024-09-18 11:58:19 Memory Usage: 4948672 KB
2024-09-18 11:58:22 Memory Usage: 4948672 KB
2024-09-18 11:58:25 Memory Usage: 4948672 KB
2024-09-18 11:58:28 Memory Usage: 4948672 KB
2024-09-18 11:58:31 Memory Usage: 4948672 KB
2024-09-18 11:58:34 Memory Usage: 4948672 KB
2024-09-18 11:58:37 Memory Usage: 4948672 KB
2024-09-18 11:58:40 Memory Usage: 4948672 KB
2024-09-18 11:58:44 Memory Usage: 4948672 KB
2024-09-18 11:58:47 Memory Usage: 4948672 KB
2024-09-18 11:58:50 Memory Usage: 4948672 KB
2024-09-18 11:58:53 Memory Usage: 4948672 KB
2024-09-18 11:58:56 Memory Usage: 4948672 KB
2024-09-18 11:58:59 Memory Usage: 4948672 KB
2024-09-18 11:59:02 Memory Usage: 4948672 KB
2024-09-18 11:59:05 Memory Usage: 4948672 KB
2024-09-18 11:59:08 Memory Usage: 4948672 KB
2024-09-18 11:59:11 Memory Usage: 4948672 KB
2024-09-18 11:59:15 Memory Usage: 4948672 KB
2024-09-18 11:59:18 Memory Usage: 4948672 KB
2024-09-18 11:59:21 Memory Usage: 4948672 KB
2024-09-18 11:59:24 Memory Usage: 4948672 KB
2024-09-18 11:59:27 Memory Usage: 4948672 KB
2024-09-18 11:59:30 Memory Usage: 4948672 KB
2024-09-18 11:59:33 Memory Usage: 4948672 KB
2024-09-18 11:59:36 Memory Usage: 4948672 KB
2024-09-18 11:59:39 Memory Usage: 4948672 KB
2024-09-18 11:59:42 Memory Usage: 4948672 KB
2024-09-18 11:59:46 Memory Usage: 4948672 KB
2024-09-18 11:59:49 Memory Usage: 4948672 KB
2024-09-18 11:59:52 Memory Usage: 4948672 KB
2024-09-18 11:59:55 Memory Usage: 4948672 KB
2024-09-18 11:59:58 Memory Usage: 4948672 KB
2024-09-18 12:00:01 Memory Usage: 4948672 KB
2024-09-18 12:00:04 Memory Usage: 4948672 KB
2024-09-18 12:00:07 Memory Usage: 4948672 KB
2024-09-18 12:00:10 Memory Usage: 4948672 KB
2024-09-18 12:00:13 Memory Usage: 4948672 KB
2024-09-18 12:00:16 Memory Usage: 4948672 KB
2024-09-18 12:00:20 Memory Usage: 4948672 KB
2024-09-18 12:00:23 Memory Usage: 4948672 KB
2024-09-18 12:00:26 Memory Usage: 4948672 KB
2024-09-18 12:00:29 Memory Usage: 4948672 KB
2024-09-18 12:00:32 Memory Usage: 4948672 KB
2024-09-18 12:00:35 Memory Usage: 4948672 KB
2024-09-18 12:00:38 Memory Usage: 4948672 KB
2024-09-18 12:00:41 Memory Usage: 4948672 KB
2024-09-18 12:00:44 Memory Usage: 4948672 KB
2024-09-18 12:00:47 Memory Usage: 4948672 KB
2024-09-18 12:00:51 Memory Usage: 4948672 KB
2024-09-18 12:00:54 Memory Usage: 4948672 KB
2024-09-18 12:00:57 Memory Usage: 4948672 KB
2024-09-18 12:01:00 Memory Usage: 4948672 KB
2024-09-18 12:01:03 Memory Usage: 4948672 KB
2024-09-18 12:01:06 Memory Usage: 4948672 KB
2024-09-18 12:01:09 Memory Usage: 4948672 KB
2024-09-18 12:01:12 Memory Usage: 4948672 KB
2024-09-18 12:01:15 Memory Usage: 4948672 KB
2024-09-18 12:01:18 Memory Usage: 4948672 KB
2024-09-18 12:01:22 Memory Usage: 4948672 KB
2024-09-18 12:01:25 Memory Usage: 4948672 KB
2024-09-18 12:01:28 Memory Usage: 4948672 KB
2024-09-18 12:01:31 Memory Usage: 4948672 KB
2024-09-18 12:01:34 Memory Usage: 4948672 KB
2024-09-18 12:01:37 Memory Usage: 4948672 KB
2024-09-18 12:01:40 Memory Usage: 4948672 KB
2024-09-18 12:01:43 Memory Usage: 4948672 KB
2024-09-18 12:01:46 Memory Usage: 4948672 KB
2024-09-18 12:01:49 Memory Usage: 4948672 KB
2024-09-18 12:01:53 Memory Usage: 4948672 KB
2024-09-18 12:01:56 Memory Usage: 4948672 KB
2024-09-18 12:01:59 Memory Usage: 4948672 KB
2024-09-18 12:02:02 Memory Usage: 4948672 KB
2024-09-18 12:02:05 Memory Usage: 4948672 KB
2024-09-18 12:02:08 Memory Usage: 4948672 KB
2024-09-18 12:02:11 Memory Usage: 4948672 KB
2024-09-18 12:02:14 Memory Usage: 4948672 KB
2024-09-18 12:02:17 Memory Usage: 4948672 KB
2024-09-18 12:02:20 Memory Usage: 4948672 KB
2024-09-18 12:02:24 Memory Usage: 4948672 KB
2024-09-18 12:02:27 Memory Usage: 4948672 KB
2024-09-18 12:02:30 Memory Usage: 4948672 KB
2024-09-18 12:02:33 Memory Usage: 4948672 KB
2024-09-18 12:02:36 Memory Usage: 4948672 KB
2024-09-18 12:02:39 Memory Usage: 4948672 KB
2024-09-18 12:02:42 Memory Usage: 4948672 KB
2024-09-18 12:02:45 Memory Usage: 4948672 KB
2024-09-18 12:02:48 Memory Usage: 4948672 KB
2024-09-18 12:02:51 Memory Usage: 4948672 KB
2024-09-18 12:02:55 Memory Usage: 4948672 KB
2024-09-18 12:02:58 Memory Usage: 4948672 KB
2024-09-18 12:03:01 Memory Usage: 4948672 KB
2024-09-18 12:03:04 Memory Usage: 4948672 KB
2024-09-18 12:03:07 Memory Usage: 4948672 KB
2024-09-18 12:03:10 Memory Usage: 4948672 KB
2024-09-18 12:03:13 Memory Usage: 4948672 KB
2024-09-18 12:03:16 Memory Usage: 4948672 KB
2024-09-18 12:03:19 Memory Usage: 4948672 KB
2024-09-18 12:03:22 Memory Usage: 4948672 KB
2024-09-18 12:03:26 Memory Usage: 4948672 KB
2024-09-18 12:03:29 Memory Usage: 4948672 KB
2024-09-18 12:03:32 Memory Usage: 4948672 KB
2024-09-18 12:03:35 Memory Usage: 4948672 KB
2024-09-18 12:03:38 Memory Usage: 4948672 KB
2024-09-18 12:03:41 Memory Usage: 4948672 KB
2024-09-18 12:03:44 Memory Usage: 4948672 KB
2024-09-18 12:03:47 Memory Usage: 4948672 KB
2024-09-18 12:03:50 Memory Usage: 4948672 KB
2024-09-18 12:03:53 Memory Usage: 4948672 KB
2024-09-18 12:03:57 Memory Usage: 4948672 KB
2024-09-18 12:04:00 Memory Usage: 4948672 KB
2024-09-18 12:04:03 Memory Usage: 4948672 KB
2024-09-18 12:04:06 Memory Usage: 4948672 KB
2024-09-18 12:04:09 Memory Usage: 4948672 KB
2024-09-18 12:04:12 Memory Usage: 4948672 KB
2024-09-18 12:04:15 Memory Usage: 4948672 KB
2024-09-18 12:04:18 Memory Usage: 4948672 KB
2024-09-18 12:04:21 Memory Usage: 4948672 KB
2024-09-18 12:04:24 Memory Usage: 4948672 KB
2024-09-18 12:04:28 Memory Usage: 4948672 KB
2024-09-18 12:04:31 Memory Usage: 4948672 KB
2024-09-18 12:04:34 Memory Usage: 4948672 KB
2024-09-18 12:04:37 Memory Usage: 4948672 KB
2024-09-18 12:04:40 Memory Usage: 4948672 KB
2024-09-18 12:04:43 Memory Usage: 4948672 KB
2024-09-18 12:04:46 Memory Usage: 4948672 KB
2024-09-18 12:04:49 Memory Usage: 4948672 KB
2024-09-18 12:04:52 Memory Usage: 4948672 KB
2024-09-18 12:04:55 Memory Usage: 4948672 KB
2024-09-18 12:04:59 Memory Usage: 4948672 KB
2024-09-18 12:05:02 Memory Usage: 4948672 KB
2024-09-18 12:05:05 Memory Usage: 4948672 KB
2024-09-18 12:05:08 Memory Usage: 4948672 KB
2024-09-18 12:05:11 Memory Usage: 4948672 KB
2024-09-18 12:05:14 Memory Usage: 4948672 KB
2024-09-18 12:05:17 Memory Usage: 4948672 KB
2024-09-18 12:05:20 Memory Usage: 4948672 KB
2024-09-18 12:05:23 Memory Usage: 4948672 KB
2024-09-18 12:05:26 Memory Usage: 4948672 KB
2024-09-18 12:05:29 Memory Usage: 4948672 KB
2024-09-18 12:05:33 Memory Usage: 4948672 KB
2024-09-18 12:05:36 Memory Usage: 4948672 KB
2024-09-18 12:05:39 Memory Usage: 4948672 KB
2024-09-18 12:05:42 Memory Usage: 4948672 KB
2024-09-18 12:05:45 Memory Usage: 4948672 KB
2024-09-18 12:05:48 Memory Usage: 4948672 KB
2024-09-18 12:05:51 Memory Usage: 4948672 KB
2024-09-18 12:05:54 Memory Usage: 4948672 KB
2024-09-18 12:05:57 Memory Usage: 4948672 KB
2024-09-18 12:06:00 Memory Usage: 4948672 KB
2024-09-18 12:06:04 Memory Usage: 4948672 KB
2024-09-18 12:06:07 Memory Usage: 4948672 KB
2024-09-18 12:06:10 Memory Usage: 4948672 KB
2024-09-18 12:06:13 Memory Usage: 4948672 KB
2024-09-18 12:06:16 Memory Usage: 4948672 KB
2024-09-18 12:06:19 Memory Usage: 4948672 KB
2024-09-18 12:06:22 Memory Usage: 4948672 KB
2024-09-18 12:06:25 Memory Usage: 4948672 KB
2024-09-18 12:06:28 Memory Usage: 4948672 KB
2024-09-18 12:06:31 Memory Usage: 4948672 KB
2024-09-18 12:06:35 Memory Usage: 4948672 KB
2024-09-18 12:06:38 Memory Usage: 4948672 KB
2024-09-18 12:06:41 Memory Usage: 4948672 KB
2024-09-18 12:06:44 Memory Usage: 4948672 KB
2024-09-18 12:06:47 Memory Usage: 4948672 KB
2024-09-18 12:06:50 Memory Usage: 4948672 KB
2024-09-18 12:06:53 Memory Usage: 4948672 KB
2024-09-18 12:06:56 Memory Usage: 4948672 KB
2024-09-18 12:06:59 Memory Usage: 4948672 KB
2024-09-18 12:07:02 Memory Usage: 4948672 KB
2024-09-18 12:07:06 Memory Usage: 4948672 KB
2024-09-18 12:07:09 Memory Usage: 4948672 KB
2024-09-18 12:07:12 Memory Usage: 4948672 KB
2024-09-18 12:07:15 Memory Usage: 4948672 KB
2024-09-18 12:07:18 Memory Usage: 4948672 KB
2024-09-18 12:07:21 Memory Usage: 4948672 KB
2024-09-18 12:07:24 Memory Usage: 4948672 KB
2024-09-18 12:07:27 Memory Usage: 4948672 KB
2024-09-18 12:07:30 Memory Usage: 4948672 KB
2024-09-18 12:07:33 Memory Usage: 4948672 KB
2024-09-18 12:07:36 Memory Usage: 4948672 KB
2024-09-18 12:07:40 Memory Usage: 4948672 KB
2024-09-18 12:07:43 Memory Usage: 4948672 KB
2024-09-18 12:07:46 Memory Usage: 4948672 KB
2024-09-18 12:07:49 Memory Usage: 4948672 KB
2024-09-18 12:07:52 Memory Usage: 4948672 KB
2024-09-18 12:07:55 Memory Usage: 4948672 KB
2024-09-18 12:07:58 Memory Usage: 4948672 KB
2024-09-18 12:08:01 Memory Usage: 4948672 KB
2024-09-18 12:08:04 Memory Usage: 4948672 KB
2024-09-18 12:08:08 Memory Usage: 4948672 KB
2024-09-18 12:08:11 Memory Usage: 4948672 KB
2024-09-18 12:08:14 Memory Usage: 4948672 KB
2024-09-18 12:08:17 Memory Usage: 4948672 KB
2024-09-18 12:08:20 Memory Usage: 4948672 KB
2024-09-18 12:08:23 Memory Usage: 4948672 KB
2024-09-18 12:08:26 Memory Usage: 4948672 KB
2024-09-18 12:08:29 Memory Usage: 4948672 KB
2024-09-18 12:08:32 Memory Usage: 4948672 KB
2024-09-18 12:08:35 Memory Usage: 4948672 KB
2024-09-18 12:08:38 Memory Usage: 4948672 KB
2024-09-18 12:08:42 Memory Usage: 4948672 KB
2024-09-18 12:08:45 Memory Usage: 4948672 KB
2024-09-18 12:08:48 Memory Usage: 4948672 KB
2024-09-18 12:08:51 Memory Usage: 4948672 KB
2024-09-18 12:08:54 Memory Usage: 4948672 KB
2024-09-18 12:08:57 Memory Usage: 4948672 KB
2024-09-18 12:09:00 Memory Usage: 4948672 KB
2024-09-18 12:09:03 Memory Usage: 4948672 KB
2024-09-18 12:09:06 Memory Usage: 4948672 KB
2024-09-18 12:09:10 Memory Usage: 4948672 KB
2024-09-18 12:09:13 Memory Usage: 4948672 KB
2024-09-18 12:09:16 Memory Usage: 4948672 KB
2024-09-18 12:09:19 Memory Usage: 4948672 KB
2024-09-18 12:09:22 Memory Usage: 4948672 KB
2024-09-18 12:09:25 Memory Usage: 4948672 KB
2024-09-18 12:09:28 Memory Usage: 4948672 KB
2024-09-18 12:09:31 Memory Usage: 4948672 KB
2024-09-18 12:09:34 Memory Usage: 4948672 KB
2024-09-18 12:09:37 Memory Usage: 4948672 KB
2024-09-18 12:09:41 Memory Usage: 4948672 KB
2024-09-18 12:09:44 Memory Usage: 4948672 KB
2024-09-18 12:09:47 Memory Usage: 4948672 KB
2024-09-18 12:09:50 Memory Usage: 4948672 KB
2024-09-18 12:09:53 Memory Usage: 4948672 KB
2024-09-18 12:09:56 Memory Usage: 4948672 KB
2024-09-18 12:09:59 Memory Usage: 4948672 KB
2024-09-18 12:10:02 Memory Usage: 4948672 KB
2024-09-18 12:10:05 Memory Usage: 4948672 KB
2024-09-18 12:10:08 Memory Usage: 4948672 KB
2024-09-18 12:10:12 Memory Usage: 4948672 KB
2024-09-18 12:10:15 Memory Usage: 4948672 KB
2024-09-18 12:10:18 Memory Usage: 4948672 KB
2024-09-18 12:10:21 Memory Usage: 4948672 KB
2024-09-18 12:10:24 Memory Usage: 4948672 KB
2024-09-18 12:10:27 Memory Usage: 4948672 KB
2024-09-18 12:10:30 Memory Usage: 4948672 KB
2024-09-18 12:10:33 Memory Usage: 4948672 KB
2024-09-18 12:10:36 Memory Usage: 4948672 KB
2024-09-18 12:10:39 Memory Usage: 4948672 KB
2024-09-18 12:10:43 Memory Usage: 4948672 KB
2024-09-18 12:10:46 Memory Usage: 4948672 KB
2024-09-18 12:10:49 Memory Usage: 4948672 KB
2024-09-18 12:10:52 Memory Usage: 4948672 KB
2024-09-18 12:10:55 Memory Usage: 4948672 KB
2024-09-18 12:10:58 Memory Usage: 4948672 KB
2024-09-18 12:11:01 Memory Usage: 4948672 KB
2024-09-18 12:11:04 Memory Usage: 4948672 KB
2024-09-18 12:11:07 Memory Usage: 4948672 KB
2024-09-18 12:11:10 Memory Usage: 4948672 KB
2024-09-18 12:11:13 Memory Usage: 4948672 KB
2024-09-18 12:11:17 Memory Usage: 4948672 KB
2024-09-18 12:11:20 Memory Usage: 4948672 KB
2024-09-18 12:11:23 Memory Usage: 4948672 KB
2024-09-18 12:11:26 Memory Usage: 4948672 KB
2024-09-18 12:11:29 Memory Usage: 4948672 KB
2024-09-18 12:11:32 Memory Usage: 4948672 KB
2024-09-18 12:11:35 Memory Usage: 4948672 KB
2024-09-18 12:11:38 Memory Usage: 4948672 KB
2024-09-18 12:11:41 Memory Usage: 4948672 KB
2024-09-18 12:11:44 Memory Usage: 4948672 KB
2024-09-18 12:11:48 Memory Usage: 4948672 KB
2024-09-18 12:11:51 Memory Usage: 4948672 KB
2024-09-18 12:11:54 Memory Usage: 4948672 KB
2024-09-18 12:11:57 Memory Usage: 4948672 KB
2024-09-18 12:12:00 Memory Usage: 4948672 KB
2024-09-18 12:12:03 Memory Usage: 4948672 KB
2024-09-18 12:12:06 Memory Usage: 4948672 KB
2024-09-18 12:12:09 Memory Usage: 4948672 KB
2024-09-18 12:12:12 Memory Usage: 4948672 KB
2024-09-18 12:12:15 Memory Usage: 4948672 KB
2024-09-18 12:12:19 Memory Usage: 4948672 KB
2024-09-18 12:12:22 Memory Usage: 4948672 KB
2024-09-18 12:12:25 Memory Usage: 4948672 KB
2024-09-18 12:12:28 Memory Usage: 4948672 KB
2024-09-18 12:12:31 Memory Usage: 4948672 KB
2024-09-18 12:12:34 Memory Usage: 4948672 KB
2024-09-18 12:12:37 Memory Usage: 4948672 KB
2024-09-18 12:12:40 Memory Usage: 4948672 KB
2024-09-18 12:12:43 Memory Usage: 4948672 KB
2024-09-18 12:12:46 Memory Usage: 4948672 KB
2024-09-18 12:12:50 Memory Usage: 4948672 KB
2024-09-18 12:12:53 Memory Usage: 4948672 KB
2024-09-18 12:12:56 Memory Usage: 4948672 KB
2024-09-18 12:12:59 Memory Usage: 4948672 KB
2024-09-18 12:13:02 Memory Usage: 4948672 KB
2024-09-18 12:13:05 Memory Usage: 4948672 KB
2024-09-18 12:13:08 Memory Usage: 4948672 KB
2024-09-18 12:13:11 Memory Usage: 4948672 KB
2024-09-18 12:13:14 Memory Usage: 4948672 KB
2024-09-18 12:13:17 Memory Usage: 4948672 KB
2024-09-18 12:13:20 Memory Usage: 4948672 KB
2024-09-18 12:13:24 Memory Usage: 4948672 KB
2024-09-18 12:13:27 Memory Usage: 4948672 KB
2024-09-18 12:13:30 Memory Usage: 4948672 KB
2024-09-18 12:13:33 Memory Usage: 4948672 KB
2024-09-18 12:13:36 Memory Usage: 4948672 KB
2024-09-18 12:13:39 Memory Usage: 4948672 KB
2024-09-18 12:13:42 Memory Usage: 4948672 KB
2024-09-18 12:13:45 Memory Usage: 4948672 KB
2024-09-18 12:13:48 Memory Usage: 4948672 KB
2024-09-18 12:13:51 Memory Usage: 4948672 KB
2024-09-18 12:13:55 Memory Usage: 4948672 KB
2024-09-18 12:13:58 Memory Usage: 4948672 KB
2024-09-18 12:14:01 Memory Usage: 4948672 KB
2024-09-18 12:14:04 Memory Usage: 4948672 KB
2024-09-18 12:14:07 Memory Usage: 4948672 KB
2024-09-18 12:14:10 Memory Usage: 4948672 KB
2024-09-18 12:14:13 Memory Usage: 4948672 KB
2024-09-18 12:14:16 Memory Usage: 4948672 KB
2024-09-18 12:14:19 Memory Usage: 4948672 KB
2024-09-18 12:14:22 Memory Usage: 4948672 KB
2024-09-18 12:14:25 Memory Usage: 4948672 KB
2024-09-18 12:14:29 Memory Usage: 4948672 KB
2024-09-18 12:14:32 Memory Usage: 4948672 KB
2024-09-18 12:14:35 Memory Usage: 4948672 KB
2024-09-18 12:14:38 Memory Usage: 4948672 KB
2024-09-18 12:14:41 Memory Usage: 4948672 KB
2024-09-18 12:14:44 Memory Usage: 4948672 KB
2024-09-18 12:14:47 Memory Usage: 4948672 KB
2024-09-18 12:14:50 Memory Usage: 4948672 KB
2024-09-18 12:14:53 Memory Usage: 4948672 KB
2024-09-18 12:14:56 Memory Usage: 4948672 KB
2024-09-18 12:14:59 Memory Usage: 4948672 KB
2024-09-18 12:15:03 Memory Usage: 4948672 KB
2024-09-18 12:15:06 Memory Usage: 4948672 KB
2024-09-18 12:15:09 Memory Usage: 4948672 KB
2024-09-18 12:15:12 Memory Usage: 4948672 KB
2024-09-18 12:15:15 Memory Usage: 4948672 KB
2024-09-18 12:15:18 Memory Usage: 4948672 KB
2024-09-18 12:15:21 Memory Usage: 4948672 KB
2024-09-18 12:15:24 Memory Usage: 4948672 KB
2024-09-18 12:15:27 Memory Usage: 4948672 KB
2024-09-18 12:15:31 Memory Usage: 4948672 KB
2024-09-18 12:15:34 Memory Usage: 4948672 KB
2024-09-18 12:15:37 Memory Usage: 4948672 KB
2024-09-18 12:15:40 Memory Usage: 4948672 KB
2024-09-18 12:15:43 Memory Usage: 4948672 KB
2024-09-18 12:15:46 Memory Usage: 4948672 KB
2024-09-18 12:15:49 Memory Usage: 4948672 KB
2024-09-18 12:15:52 Memory Usage: 4948672 KB
2024-09-18 12:15:55 Memory Usage: 4948672 KB
2024-09-18 12:15:58 Memory Usage: 4948672 KB
2024-09-18 12:16:02 Memory Usage: 4948672 KB
2024-09-18 12:16:05 Memory Usage: 4948672 KB
2024-09-18 12:16:08 Memory Usage: 4948672 KB
2024-09-18 12:16:11 Memory Usage: 4948672 KB
2024-09-18 12:16:14 Memory Usage: 4948672 KB
2024-09-18 12:16:17 Memory Usage: 4948672 KB
2024-09-18 12:16:20 Memory Usage: 4948672 KB
2024-09-18 12:16:23 Memory Usage: 4948672 KB
2024-09-18 12:16:26 Memory Usage: 4948672 KB
2024-09-18 12:16:29 Memory Usage: 4948672 KB
2024-09-18 12:16:33 Memory Usage: 4948672 KB
2024-09-18 12:16:36 Memory Usage: 4948672 KB
2024-09-18 12:16:39 Memory Usage: 4948672 KB
2024-09-18 12:16:42 Memory Usage: 4948672 KB
2024-09-18 12:16:45 Memory Usage: 4948672 KB
2024-09-18 12:16:48 Memory Usage: 4948672 KB
2024-09-18 12:16:51 Memory Usage: 4948672 KB
2024-09-18 12:16:54 Memory Usage: 4948672 KB
2024-09-18 12:16:57 Memory Usage: 4948672 KB
2024-09-18 12:17:00 Memory Usage: 4948672 KB
2024-09-18 12:17:04 Memory Usage: 4948672 KB
2024-09-18 12:17:07 Memory Usage: 4948672 KB
2024-09-18 12:17:10 Memory Usage: 4948672 KB
2024-09-18 12:17:13 Memory Usage: 4948672 KB
2024-09-18 12:17:16 Memory Usage: 4948672 KB
2024-09-18 12:17:19 Memory Usage: 4948672 KB
2024-09-18 12:17:22 Memory Usage: 4948672 KB
2024-09-18 12:17:25 Memory Usage: 4948672 KB
2024-09-18 12:17:28 Memory Usage: 4948672 KB
2024-09-18 12:17:31 Memory Usage: 4948672 KB
2024-09-18 12:17:35 Memory Usage: 4948672 KB
2024-09-18 12:17:38 Memory Usage: 4948672 KB
2024-09-18 12:17:41 Memory Usage: 4948672 KB
2024-09-18 12:17:44 Memory Usage: 4948672 KB
2024-09-18 12:17:47 Memory Usage: 4948672 KB
2024-09-18 12:17:50 Memory Usage: 4948672 KB
2024-09-18 12:17:53 Memory Usage: 4948672 KB
2024-09-18 12:17:56 Memory Usage: 4948672 KB
2024-09-18 12:17:59 Memory Usage: 4948672 KB
2024-09-18 12:18:02 Memory Usage: 4948672 KB
2024-09-18 12:18:06 Memory Usage: 4948672 KB
2024-09-18 12:18:09 Memory Usage: 4948672 KB
2024-09-18 12:18:12 Memory Usage: 4948672 KB
2024-09-18 12:18:15 Memory Usage: 4948672 KB
2024-09-18 12:18:18 Memory Usage: 4948672 KB
2024-09-18 12:18:21 Memory Usage: 4948672 KB
2024-09-18 12:18:24 Memory Usage: 4948672 KB
2024-09-18 12:18:27 Memory Usage: 4948672 KB
2024-09-18 12:18:30 Memory Usage: 4948672 KB
2024-09-18 12:18:34 Memory Usage: 4948672 KB
2024-09-18 12:18:37 Memory Usage: 4948672 KB
2024-09-18 12:18:40 Memory Usage: 4948672 KB
2024-09-18 12:18:43 Memory Usage: 4948672 KB
2024-09-18 12:18:46 Memory Usage: 4948672 KB
2024-09-18 12:18:49 Memory Usage: 4948672 KB
2024-09-18 12:18:52 Memory Usage: 4948672 KB
2024-09-18 12:18:55 Memory Usage: 4948672 KB
2024-09-18 12:18:58 Memory Usage: 4948672 KB
2024-09-18 12:19:01 Memory Usage: 4948672 KB
2024-09-18 12:19:04 Memory Usage: 4948672 KB
2024-09-18 12:19:08 Memory Usage: 4948672 KB
2024-09-18 12:19:11 Memory Usage: 4948672 KB
2024-09-18 12:19:14 Memory Usage: 4948672 KB
2024-09-18 12:19:17 Memory Usage: 4948672 KB
2024-09-18 12:19:20 Memory Usage: 4948672 KB
2024-09-18 12:19:23 Memory Usage: 4948672 KB
2024-09-18 12:19:26 Memory Usage: 4948672 KB
2024-09-18 12:19:29 Memory Usage: 4948672 KB
2024-09-18 12:19:32 Memory Usage: 4948672 KB
2024-09-18 12:19:35 Memory Usage: 4948672 KB
2024-09-18 12:19:39 Memory Usage: 4948672 KB
2024-09-18 12:19:42 Memory Usage: 4948672 KB
2024-09-18 12:19:45 Memory Usage: 4948672 KB
2024-09-18 12:19:48 Memory Usage: 4948672 KB
2024-09-18 12:19:51 Memory Usage: 4948672 KB
2024-09-18 12:19:54 Memory Usage: 4948672 KB
2024-09-18 12:19:57 Memory Usage: 4948672 KB
2024-09-18 12:20:00 Memory Usage: 4948672 KB
2024-09-18 12:20:03 Memory Usage: 4948672 KB
2024-09-18 12:20:06 Memory Usage: 4948672 KB
2024-09-18 12:20:10 Memory Usage: 4948672 KB
2024-09-18 12:20:13 Memory Usage: 4948672 KB
2024-09-18 12:20:16 Memory Usage: 4948672 KB
2024-09-18 12:20:19 Memory Usage: 4948672 KB
2024-09-18 12:20:22 Memory Usage: 4948672 KB
2024-09-18 12:20:25 Memory Usage: 4948672 KB
2024-09-18 12:20:28 Memory Usage: 4948672 KB
2024-09-18 12:20:31 Memory Usage: 4948672 KB
2024-09-18 12:20:34 Memory Usage: 4948672 KB
2024-09-18 12:20:38 Memory Usage: 4948672 KB
2024-09-18 12:20:41 Memory Usage: 4948672 KB
