3-FSM with threshold 24000
2024-09-18 10:58:20 Memory Usage: 46336 KB
Data graph size |V| = 3774768 |E| = 16518947
init pattern generation time 1.1e-05s
Initial unlabeled pattern size: 1
match_multi: Matching pattern from patterns
match_multi: Done matching pattern from patterns
match_multi finished after 1.18608s
init pattern matching time 1.28784s
Initial discovery pattern size: 663
Initial frequent pattern size: 103
pattern extension level 0 time 0.01523s
2024-09-18 10:58:23 Memory Usage: 327600 KB
2024-09-18 10:58:26 Memory Usage: 327600 KB
2024-09-18 10:58:29 Memory Usage: 327600 KB
2024-09-18 10:58:32 Memory Usage: 327600 KB
2024-09-18 10:58:35 Memory Usage: 327600 KB
2024-09-18 10:58:38 Memory Usage: 327600 KB
2024-09-18 10:58:41 Memory Usage: 327600 KB
2024-09-18 10:58:45 Memory Usage: 327600 KB
2024-09-18 10:58:48 Memory Usage: 327600 KB
2024-09-18 10:58:51 Memory Usage: 322576 KB
2024-09-18 10:58:54 Memory Usage: 322576 KB
2024-09-18 10:58:57 Memory Usage: 322576 KB
2024-09-18 10:59:00 Memory Usage: 322576 KB
2024-09-18 10:59:03 Memory Usage: 322576 KB
2024-09-18 10:59:06 Memory Usage: 322576 KB
2024-09-18 10:59:09 Memory Usage: 322576 KB
2024-09-18 10:59:12 Memory Usage: 322576 KB
2024-09-18 10:59:15 Memory Usage: 322576 KB
2024-09-18 10:59:19 Memory Usage: 322576 KB
2024-09-18 10:59:22 Memory Usage: 322576 KB
2024-09-18 10:59:25 Memory Usage: 322576 KB
2024-09-18 10:59:28 Memory Usage: 322576 KB
2024-09-18 10:59:31 Memory Usage: 322576 KB
2024-09-18 10:59:34 Memory Usage: 322576 KB
2024-09-18 10:59:37 Memory Usage: 322576 KB
2024-09-18 10:59:40 Memory Usage: 322576 KB
2024-09-18 10:59:43 Memory Usage: 322576 KB
2024-09-18 10:59:46 Memory Usage: 322576 KB
2024-09-18 10:59:50 Memory Usage: 322576 KB
2024-09-18 10:59:53 Memory Usage: 322576 KB
2024-09-18 10:59:56 Memory Usage: 322576 KB
2024-09-18 10:59:59 Memory Usage: 322576 KB
2024-09-18 11:00:02 Memory Usage: 322576 KB
2024-09-18 11:00:05 Memory Usage: 322576 KB
2024-09-18 11:00:08 Memory Usage: 322576 KB
2024-09-18 11:00:11 Memory Usage: 322576 KB
2024-09-18 11:00:14 Memory Usage: 322576 KB
2024-09-18 11:00:17 Memory Usage: 322576 KB
2024-09-18 11:00:21 Memory Usage: 322576 KB
2024-09-18 11:00:24 Memory Usage: 322576 KB
2024-09-18 11:00:27 Memory Usage: 322576 KB
2024-09-18 11:00:30 Memory Usage: 322576 KB
2024-09-18 11:00:33 Memory Usage: 322576 KB
2024-09-18 11:00:36 Memory Usage: 322576 KB
2024-09-18 11:00:39 Memory Usage: 322576 KB
2024-09-18 11:00:42 Memory Usage: 319860 KB
2024-09-18 11:00:45 Memory Usage: 319860 KB
2024-09-18 11:00:48 Memory Usage: 319860 KB
2024-09-18 11:00:51 Memory Usage: 319860 KB
2024-09-18 11:00:55 Memory Usage: 319860 KB
2024-09-18 11:00:58 Memory Usage: 319860 KB
2024-09-18 11:01:01 Memory Usage: 319860 KB
2024-09-18 11:01:04 Memory Usage: 319860 KB
2024-09-18 11:01:07 Memory Usage: 319860 KB
2024-09-18 11:01:10 Memory Usage: 319860 KB
2024-09-18 11:01:13 Memory Usage: 319860 KB
2024-09-18 11:01:16 Memory Usage: 319860 KB
2024-09-18 11:01:19 Memory Usage: 319860 KB
2024-09-18 11:01:22 Memory Usage: 319860 KB
2024-09-18 11:01:26 Memory Usage: 319860 KB
2024-09-18 11:01:29 Memory Usage: 319860 KB
2024-09-18 11:01:32 Memory Usage: 319860 KB
2024-09-18 11:01:35 Memory Usage: 319860 KB
2024-09-18 11:01:38 Memory Usage: 319860 KB
2024-09-18 11:01:41 Memory Usage: 319860 KB
2024-09-18 11:01:44 Memory Usage: 319860 KB
2024-09-18 11:01:47 Memory Usage: 319860 KB
2024-09-18 11:01:50 Memory Usage: 319860 KB
2024-09-18 11:01:53 Memory Usage: 319860 KB
2024-09-18 11:01:56 Memory Usage: 319860 KB
2024-09-18 11:02:00 Memory Usage: 319860 KB
2024-09-18 11:02:03 Memory Usage: 319860 KB
2024-09-18 11:02:06 Memory Usage: 319860 KB
2024-09-18 11:02:09 Memory Usage: 319860 KB
2024-09-18 11:02:12 Memory Usage: 319860 KB
2024-09-18 11:02:15 Memory Usage: 319860 KB
2024-09-18 11:02:18 Memory Usage: 319860 KB
2024-09-18 11:02:21 Memory Usage: 319860 KB
2024-09-18 11:02:24 Memory Usage: 319860 KB
2024-09-18 11:02:27 Memory Usage: 319860 KB
2024-09-18 11:02:31 Memory Usage: 319860 KB
2024-09-18 11:02:34 Memory Usage: 319860 KB
2024-09-18 11:02:37 Memory Usage: 319860 KB
2024-09-18 11:02:40 Memory Usage: 319860 KB
2024-09-18 11:02:43 Memory Usage: 319860 KB
2024-09-18 11:02:46 Memory Usage: 319860 KB
2024-09-18 11:02:49 Memory Usage: 319860 KB
2024-09-18 11:02:52 Memory Usage: 319860 KB
2024-09-18 11:02:55 Memory Usage: 319860 KB
2024-09-18 11:02:58 Memory Usage: 319860 KB
2024-09-18 11:03:02 Memory Usage: 319860 KB
2024-09-18 11:03:05 Memory Usage: 319860 KB
2024-09-18 11:03:08 Memory Usage: 319860 KB
2024-09-18 11:03:11 Memory Usage: 319860 KB
2024-09-18 11:03:14 Memory Usage: 319860 KB
2024-09-18 11:03:17 Memory Usage: 319860 KB
2024-09-18 11:03:20 Memory Usage: 319860 KB
2024-09-18 11:03:23 Memory Usage: 319860 KB
2024-09-18 11:03:26 Memory Usage: 319860 KB
2024-09-18 11:03:29 Memory Usage: 319860 KB
2024-09-18 11:03:33 Memory Usage: 319860 KB
2024-09-18 11:03:36 Memory Usage: 319860 KB
2024-09-18 11:03:39 Memory Usage: 319860 KB
2024-09-18 11:03:42 Memory Usage: 319860 KB
2024-09-18 11:03:45 Memory Usage: 319860 KB
2024-09-18 11:03:48 Memory Usage: 319860 KB
2024-09-18 11:03:51 Memory Usage: 319860 KB
2024-09-18 11:03:54 Memory Usage: 319860 KB
2024-09-18 11:03:57 Memory Usage: 319860 KB
2024-09-18 11:04:00 Memory Usage: 319860 KB
2024-09-18 11:04:04 Memory Usage: 319860 KB
2024-09-18 11:04:07 Memory Usage: 319860 KB
2024-09-18 11:04:10 Memory Usage: 319860 KB
2024-09-18 11:04:13 Memory Usage: 319860 KB
2024-09-18 11:04:16 Memory Usage: 319860 KB
2024-09-18 11:04:19 Memory Usage: 319860 KB
2024-09-18 11:04:22 Memory Usage: 319860 KB
2024-09-18 11:04:25 Memory Usage: 319860 KB
2024-09-18 11:04:28 Memory Usage: 319860 KB
2024-09-18 11:04:31 Memory Usage: 319860 KB
2024-09-18 11:04:34 Memory Usage: 319860 KB
2024-09-18 11:04:38 Memory Usage: 319860 KB
2024-09-18 11:04:41 Memory Usage: 319860 KB
2024-09-18 11:04:44 Memory Usage: 319860 KB
2024-09-18 11:04:47 Memory Usage: 319860 KB
2024-09-18 11:04:50 Memory Usage: 319860 KB
2024-09-18 11:04:53 Memory Usage: 319860 KB
2024-09-18 11:04:56 Memory Usage: 319860 KB
2024-09-18 11:04:59 Memory Usage: 319860 KB
2024-09-18 11:05:02 Memory Usage: 319860 KB
2024-09-18 11:05:05 Memory Usage: 319860 KB
2024-09-18 11:05:09 Memory Usage: 319860 KB
2024-09-18 11:05:12 Memory Usage: 319860 KB
2024-09-18 11:05:15 Memory Usage: 319860 KB
2024-09-18 11:05:18 Memory Usage: 319860 KB
2024-09-18 11:05:21 Memory Usage: 319860 KB
2024-09-18 11:05:24 Memory Usage: 319860 KB
2024-09-18 11:05:27 Memory Usage: 319860 KB
2024-09-18 11:05:30 Memory Usage: 319860 KB
2024-09-18 11:05:33 Memory Usage: 319860 KB
Initial extended pattern size: 4337
match_single finished after 433.931s
2024-09-18 11:05:36 Memory Usage: 319732 KB
2024-09-18 11:05:40 Memory Usage: 319732 KB
2024-09-18 11:05:43 Memory Usage: 319732 KB
2024-09-18 11:05:46 Memory Usage: 319732 KB
2024-09-18 11:05:49 Memory Usage: 319732 KB
2024-09-18 11:05:52 Memory Usage: 319732 KB
2024-09-18 11:05:55 Memory Usage: 319732 KB
2024-09-18 11:05:58 Memory Usage: 319732 KB
match_ector finished after 23.3883s
pattern matching level 1 time 457.352s
Level 1 pattern size: 11753
Level 1 frequent pattern size: 86
pattern extension level 1 time 0.017168s
2024-09-18 11:06:01 Memory Usage: 320900 KB
2024-09-18 11:06:04 Memory Usage: 320456 KB
2024-09-18 11:06:07 Memory Usage: 320456 KB
2024-09-18 11:06:11 Memory Usage: 320456 KB
2024-09-18 11:06:14 Memory Usage: 320456 KB
2024-09-18 11:06:17 Memory Usage: 320456 KB
2024-09-18 11:06:20 Memory Usage: 320456 KB
2024-09-18 11:06:23 Memory Usage: 320456 KB
2024-09-18 11:06:26 Memory Usage: 320456 KB
2024-09-18 11:06:29 Memory Usage: 320456 KB
2024-09-18 11:06:32 Memory Usage: 320456 KB
2024-09-18 11:06:35 Memory Usage: 320456 KB
2024-09-18 11:06:38 Memory Usage: 320456 KB
2024-09-18 11:06:42 Memory Usage: 320456 KB
2024-09-18 11:06:45 Memory Usage: 320456 KB
2024-09-18 11:06:48 Memory Usage: 320456 KB
2024-09-18 11:06:51 Memory Usage: 320456 KB
2024-09-18 11:06:54 Memory Usage: 320456 KB
2024-09-18 11:06:57 Memory Usage: 320456 KB
2024-09-18 11:07:00 Memory Usage: 320456 KB
2024-09-18 11:07:03 Memory Usage: 320456 KB
2024-09-18 11:07:06 Memory Usage: 320456 KB
2024-09-18 11:07:09 Memory Usage: 320456 KB
2024-09-18 11:07:13 Memory Usage: 320456 KB
2024-09-18 11:07:16 Memory Usage: 320456 KB
2024-09-18 11:07:19 Memory Usage: 320456 KB
2024-09-18 11:07:22 Memory Usage: 320456 KB
2024-09-18 11:07:25 Memory Usage: 320456 KB
2024-09-18 11:07:28 Memory Usage: 320456 KB
2024-09-18 11:07:31 Memory Usage: 320456 KB
2024-09-18 11:07:34 Memory Usage: 320456 KB
2024-09-18 11:07:37 Memory Usage: 320456 KB
2024-09-18 11:07:40 Memory Usage: 320456 KB
2024-09-18 11:07:44 Memory Usage: 320456 KB
2024-09-18 11:07:47 Memory Usage: 320456 KB
2024-09-18 11:07:50 Memory Usage: 320456 KB
2024-09-18 11:07:53 Memory Usage: 320456 KB
2024-09-18 11:07:56 Memory Usage: 320456 KB
2024-09-18 11:07:59 Memory Usage: 320456 KB
2024-09-18 11:08:02 Memory Usage: 320456 KB
2024-09-18 11:08:05 Memory Usage: 320456 KB
2024-09-18 11:08:08 Memory Usage: 320456 KB
2024-09-18 11:08:11 Memory Usage: 320456 KB
2024-09-18 11:08:15 Memory Usage: 320456 KB
2024-09-18 11:08:18 Memory Usage: 320456 KB
2024-09-18 11:08:21 Memory Usage: 320456 KB
2024-09-18 11:08:24 Memory Usage: 320456 KB
2024-09-18 11:08:27 Memory Usage: 320456 KB
2024-09-18 11:08:30 Memory Usage: 320456 KB
2024-09-18 11:08:33 Memory Usage: 320456 KB
2024-09-18 11:08:36 Memory Usage: 320456 KB
2024-09-18 11:08:39 Memory Usage: 320456 KB
2024-09-18 11:08:42 Memory Usage: 320456 KB
2024-09-18 11:08:46 Memory Usage: 320456 KB
2024-09-18 11:08:49 Memory Usage: 320456 KB
2024-09-18 11:08:52 Memory Usage: 320456 KB
2024-09-18 11:08:55 Memory Usage: 320456 KB
2024-09-18 11:08:58 Memory Usage: 320456 KB
2024-09-18 11:09:01 Memory Usage: 320456 KB
2024-09-18 11:09:04 Memory Usage: 320456 KB
2024-09-18 11:09:07 Memory Usage: 320456 KB
2024-09-18 11:09:10 Memory Usage: 320456 KB
2024-09-18 11:09:13 Memory Usage: 320456 KB
2024-09-18 11:09:17 Memory Usage: 320456 KB
2024-09-18 11:09:20 Memory Usage: 320456 KB
2024-09-18 11:09:23 Memory Usage: 320456 KB
2024-09-18 11:09:26 Memory Usage: 320456 KB
2024-09-18 11:09:29 Memory Usage: 320456 KB
2024-09-18 11:09:32 Memory Usage: 320456 KB
2024-09-18 11:09:35 Memory Usage: 320456 KB
2024-09-18 11:09:38 Memory Usage: 320456 KB
2024-09-18 11:09:41 Memory Usage: 320456 KB
2024-09-18 11:09:44 Memory Usage: 320456 KB
2024-09-18 11:09:47 Memory Usage: 320456 KB
2024-09-18 11:09:51 Memory Usage: 320456 KB
2024-09-18 11:09:54 Memory Usage: 320456 KB
2024-09-18 11:09:57 Memory Usage: 320456 KB
2024-09-18 11:10:00 Memory Usage: 320456 KB
2024-09-18 11:10:03 Memory Usage: 320456 KB
2024-09-18 11:10:06 Memory Usage: 320456 KB
2024-09-18 11:10:09 Memory Usage: 320456 KB
2024-09-18 11:10:12 Memory Usage: 320456 KB
2024-09-18 11:10:15 Memory Usage: 320456 KB
2024-09-18 11:10:19 Memory Usage: 320456 KB
2024-09-18 11:10:22 Memory Usage: 320456 KB
2024-09-18 11:10:25 Memory Usage: 320456 KB
2024-09-18 11:10:28 Memory Usage: 320456 KB
2024-09-18 11:10:31 Memory Usage: 320456 KB
2024-09-18 11:10:34 Memory Usage: 320456 KB
2024-09-18 11:10:37 Memory Usage: 320456 KB
2024-09-18 11:10:40 Memory Usage: 320456 KB
2024-09-18 11:10:43 Memory Usage: 320456 KB
2024-09-18 11:10:46 Memory Usage: 320456 KB
2024-09-18 11:10:49 Memory Usage: 320456 KB
2024-09-18 11:10:53 Memory Usage: 320456 KB
2024-09-18 11:10:56 Memory Usage: 320456 KB
2024-09-18 11:10:59 Memory Usage: 320456 KB
2024-09-18 11:11:02 Memory Usage: 320456 KB
2024-09-18 11:11:05 Memory Usage: 320456 KB
2024-09-18 11:11:08 Memory Usage: 320456 KB
2024-09-18 11:11:11 Memory Usage: 320456 KB
2024-09-18 11:11:14 Memory Usage: 320456 KB
2024-09-18 11:11:17 Memory Usage: 320456 KB
2024-09-18 11:11:20 Memory Usage: 320456 KB
2024-09-18 11:11:24 Memory Usage: 320456 KB
2024-09-18 11:11:27 Memory Usage: 320456 KB
2024-09-18 11:11:30 Memory Usage: 320456 KB
2024-09-18 11:11:33 Memory Usage: 320456 KB
2024-09-18 11:11:36 Memory Usage: 320456 KB
2024-09-18 11:11:39 Memory Usage: 320456 KB
2024-09-18 11:11:42 Memory Usage: 320456 KB
2024-09-18 11:11:45 Memory Usage: 320456 KB
2024-09-18 11:11:48 Memory Usage: 320456 KB
2024-09-18 11:11:51 Memory Usage: 320456 KB
2024-09-18 11:11:55 Memory Usage: 320456 KB
2024-09-18 11:11:58 Memory Usage: 320456 KB
2024-09-18 11:12:01 Memory Usage: 320456 KB
2024-09-18 11:12:04 Memory Usage: 320456 KB
2024-09-18 11:12:07 Memory Usage: 320456 KB
2024-09-18 11:12:10 Memory Usage: 320456 KB
2024-09-18 11:12:13 Memory Usage: 320456 KB
2024-09-18 11:12:16 Memory Usage: 320456 KB
2024-09-18 11:12:19 Memory Usage: 320456 KB
2024-09-18 11:12:22 Memory Usage: 320456 KB
2024-09-18 11:12:26 Memory Usage: 320456 KB
2024-09-18 11:12:29 Memory Usage: 320456 KB
2024-09-18 11:12:32 Memory Usage: 320456 KB
2024-09-18 11:12:35 Memory Usage: 320456 KB
2024-09-18 11:12:38 Memory Usage: 320456 KB
2024-09-18 11:12:41 Memory Usage: 320456 KB
2024-09-18 11:12:44 Memory Usage: 320456 KB
2024-09-18 11:12:47 Memory Usage: 320456 KB
2024-09-18 11:12:50 Memory Usage: 320456 KB
2024-09-18 11:12:53 Memory Usage: 320456 KB
2024-09-18 11:12:57 Memory Usage: 320456 KB
2024-09-18 11:13:00 Memory Usage: 320456 KB
2024-09-18 11:13:03 Memory Usage: 320456 KB
2024-09-18 11:13:06 Memory Usage: 320456 KB
2024-09-18 11:13:09 Memory Usage: 320456 KB
2024-09-18 11:13:12 Memory Usage: 320456 KB
2024-09-18 11:13:15 Memory Usage: 320456 KB
2024-09-18 11:13:18 Memory Usage: 320456 KB
2024-09-18 11:13:21 Memory Usage: 320456 KB
2024-09-18 11:13:24 Memory Usage: 320456 KB
2024-09-18 11:13:28 Memory Usage: 320456 KB
2024-09-18 11:13:31 Memory Usage: 320456 KB
2024-09-18 11:13:34 Memory Usage: 320456 KB
2024-09-18 11:13:37 Memory Usage: 320456 KB
2024-09-18 11:13:40 Memory Usage: 320456 KB
2024-09-18 11:13:43 Memory Usage: 320456 KB
2024-09-18 11:13:46 Memory Usage: 320456 KB
2024-09-18 11:13:49 Memory Usage: 320456 KB
2024-09-18 11:13:52 Memory Usage: 320456 KB
2024-09-18 11:13:55 Memory Usage: 320456 KB
2024-09-18 11:13:58 Memory Usage: 320456 KB
2024-09-18 11:14:02 Memory Usage: 320456 KB
2024-09-18 11:14:05 Memory Usage: 320456 KB
2024-09-18 11:14:08 Memory Usage: 320456 KB
2024-09-18 11:14:11 Memory Usage: 320456 KB
2024-09-18 11:14:14 Memory Usage: 320456 KB
2024-09-18 11:14:17 Memory Usage: 320456 KB
2024-09-18 11:14:20 Memory Usage: 320456 KB
2024-09-18 11:14:23 Memory Usage: 320456 KB
2024-09-18 11:14:26 Memory Usage: 320456 KB
2024-09-18 11:14:30 Memory Usage: 320456 KB
2024-09-18 11:14:33 Memory Usage: 320456 KB
2024-09-18 11:14:36 Memory Usage: 320456 KB
2024-09-18 11:14:39 Memory Usage: 320456 KB
2024-09-18 11:14:42 Memory Usage: 320456 KB
2024-09-18 11:14:45 Memory Usage: 320456 KB
2024-09-18 11:14:48 Memory Usage: 320456 KB
2024-09-18 11:14:51 Memory Usage: 320456 KB
2024-09-18 11:14:54 Memory Usage: 320456 KB
2024-09-18 11:14:57 Memory Usage: 320456 KB
2024-09-18 11:15:00 Memory Usage: 320456 KB
2024-09-18 11:15:04 Memory Usage: 320456 KB
2024-09-18 11:15:07 Memory Usage: 320456 KB
2024-09-18 11:15:10 Memory Usage: 320456 KB
2024-09-18 11:15:13 Memory Usage: 320456 KB
2024-09-18 11:15:16 Memory Usage: 320456 KB
2024-09-18 11:15:19 Memory Usage: 320456 KB
2024-09-18 11:15:22 Memory Usage: 320456 KB
2024-09-18 11:15:25 Memory Usage: 320456 KB
2024-09-18 11:15:28 Memory Usage: 320456 KB
2024-09-18 11:15:31 Memory Usage: 320456 KB
2024-09-18 11:15:35 Memory Usage: 320456 KB
2024-09-18 11:15:38 Memory Usage: 320456 KB
2024-09-18 11:15:41 Memory Usage: 320456 KB
2024-09-18 11:15:44 Memory Usage: 320456 KB
2024-09-18 11:15:47 Memory Usage: 320456 KB
2024-09-18 11:15:50 Memory Usage: 320456 KB
2024-09-18 11:15:53 Memory Usage: 320456 KB
2024-09-18 11:15:56 Memory Usage: 320456 KB
2024-09-18 11:15:59 Memory Usage: 320456 KB
2024-09-18 11:16:02 Memory Usage: 320456 KB
2024-09-18 11:16:05 Memory Usage: 320456 KB
2024-09-18 11:16:09 Memory Usage: 320456 KB
2024-09-18 11:16:12 Memory Usage: 320456 KB
2024-09-18 11:16:15 Memory Usage: 320456 KB
2024-09-18 11:16:18 Memory Usage: 320456 KB
2024-09-18 11:16:21 Memory Usage: 320456 KB
2024-09-18 11:16:24 Memory Usage: 320456 KB
2024-09-18 11:16:27 Memory Usage: 320456 KB
Level 1 extended pattern size: 3709
match_single finished after 630.404s
2024-09-18 11:16:30 Memory Usage: 316896 KB
2024-09-18 11:16:33 Memory Usage: 316896 KB
2024-09-18 11:16:36 Memory Usage: 316896 KB
2024-09-18 11:16:40 Memory Usage: 316896 KB
2024-09-18 11:16:43 Memory Usage: 316896 KB
2024-09-18 11:16:46 Memory Usage: 316896 KB
2024-09-18 11:16:49 Memory Usage: 316896 KB
2024-09-18 11:16:52 Memory Usage: 317416 KB
2024-09-18 11:16:55 Memory Usage: 317676 KB
2024-09-18 11:16:58 Memory Usage: 317936 KB
2024-09-18 11:17:01 Memory Usage: 317936 KB
2024-09-18 11:17:04 Memory Usage: 317936 KB
2024-09-18 11:17:07 Memory Usage: 317936 KB
2024-09-18 11:17:11 Memory Usage: 317936 KB
2024-09-18 11:17:14 Memory Usage: 317936 KB
match_ector finished after 46.7791s
pattern matching level 2 time 677.204s
Level 2 pattern size: 12421
Level 2 frequent pattern size: 16
pattern extension level 2 time 0.006062s
Level 2 extended pattern size: 512
16 frequent patterns: 
[1,32-2,36][1,32-3,37][2,36-4,31]: 25350
[1,32-2,36][1,32-3,37][2,36-4,30]: 24426
[1,32-2,36][1,32-3,37][2,36-4,32]: 24862
[1,32-2,36][1,32-3,37][2,36-4,33]: 24890
[1,32-2,36][1,32-3,37][3,37-4,31]: 25070
[1,32-2,36][1,32-3,37][3,37-4,34]: 24271
[1,32-2,36][1,32-3,37][3,37-4,33]: 25507
[1,32-2,36][2,36-3,33][3,33-4,37]: 25440
[1,33-2,37][1,33-3,36][2,37-4,31]: 24347
[1,33-2,37][1,33-3,36][2,37-4,34]: 25503
[1,33-2,37][1,33-3,36][2,37-4,32]: 25515
[1,33-2,37][1,33-3,36][2,37-4,33]: 24567
[1,33-2,37][1,33-3,36][3,36-4,31]: 24186
[1,33-2,37][2,37-3,34][3,34-4,36]: 24733
[1,34-2,36][1,34-3,37][3,37-4,34]: 24791
[1,34-2,37][1,34-3,37][2,37-4,34]: 24393
finished in 1135.9s
