3-FSM with threshold 24000
init pattern generation time 1.2e-05s
match_multi finished after 1.16771s
init pattern matching time 1.24978s
pattern extension level 0 time 0.014967s
match_single finished after 403.131s
match_ector finished after 21.0494s
pattern matching level 1 time 424.194s
pattern extension level 1 time 0.015619s
match_single finished after 622.372s
match_ector finished after 43.3471s
pattern matching level 2 time 665.737s
pattern extension level 2 time 0.004725s
16 frequent patterns: 
[1,32-2,36][1,32-3,37][2,36-4,31]: 25350
[1,32-2,36][1,32-3,37][2,36-4,30]: 24426
[1,32-2,36][1,32-3,37][2,36-4,32]: 24862
[1,32-2,36][1,32-3,37][2,36-4,33]: 24890
[1,32-2,36][1,32-3,37][3,37-4,31]: 25070
[1,32-2,36][1,32-3,37][3,37-4,34]: 24271
[1,32-2,36][1,32-3,37][3,37-4,33]: 25507
[1,32-2,36][2,36-3,33][3,33-4,37]: 25440
[1,33-2,37][1,33-3,36][2,37-4,31]: 24347
[1,33-2,37][1,33-3,36][2,37-4,34]: 25503
[1,33-2,37][1,33-3,36][2,37-4,32]: 25515
[1,33-2,37][1,33-3,36][2,37-4,33]: 24567
[1,33-2,37][1,33-3,36][3,36-4,31]: 24186
[1,33-2,37][2,37-3,34][3,34-4,36]: 24733
[1,34-2,36][1,34-3,37][3,37-4,34]: 24791
[1,34-2,37][1,34-3,37][2,37-4,34]: 24393
finished in 1091.23s
